Log file open, 01/02/18 18:57:36
LogWindows: LoadLibraryWithSearchPaths failed for file aqProf.dll. GetLastError=0
LogWindows: LoadLibraryWithSearchPaths failed for file VSPerf140.dll. GetLastError=0
LogWindows: LoadLibraryWithSearchPaths failed for file VtuneApi.dll. GetLastError=0
LogWindows: LoadLibraryWithSearchPaths failed for file VtuneApi32e.dll. GetLastError=0
LogInit: Display: Running engine for game: NodeGame
LogPlatformFile: Not using cached read wrapper
LogInit: Display: RandInit(-1723303393) SRandInit(-1723303393).
LogTaskGraph: Started task graph with 5 named threads and 14 total threads with 3 sets of task threads.
LogStats: Stats thread started at 1.018755
LogD3D11RHI: Aftermath initialized
LogPluginManager: Mounting plugin Paper2D
LogPluginManager: Mounting plugin LightPropagationVolume
LogPluginManager: Mounting plugin CodeLiteSourceCodeAccess
LogPluginManager: Mounting plugin GitSourceControl
LogPluginManager: Mounting plugin KDevelopSourceCodeAccess
LogPluginManager: Mounting plugin NullSourceCodeAccess
LogPluginManager: Mounting plugin PerforceSourceControl
LogPluginManager: Mounting plugin SubversionSourceControl
LogPluginManager: Mounting plugin UObjectPlugin
LogPluginManager: Mounting plugin VisualStudioSourceCodeAccess
LogPluginManager: Mounting plugin XCodeSourceCodeAccess
LogPluginManager: Mounting plugin AssetManagerEditor
LogPluginManager: Mounting plugin AudioCapture
LogPluginManager: Mounting plugin FacialAnimation
LogPluginManager: Mounting plugin GameplayTagsEditor
LogPluginManager: Mounting plugin MobileLauncherProfileWizard
LogPluginManager: Mounting plugin PluginBrowser
LogPluginManager: Mounting plugin SpeedTreeImporter
LogPluginManager: Mounting plugin AlembicImporter
LogPluginManager: Mounting plugin CharacterAI
LogPluginManager: Mounting plugin HTML5Networking
LogPluginManager: Mounting plugin AndroidMedia
LogPluginManager: Mounting plugin AvfMedia
LogPluginManager: Mounting plugin MediaPlayerEditor
LogPluginManager: Mounting plugin WmfMedia
LogPluginManager: Mounting plugin TcpMessaging
LogPluginManager: Mounting plugin UdpMessaging
LogPluginManager: Mounting plugin LevelSequenceEditor
LogPluginManager: Mounting plugin MatineeToLevelSequence
LogPluginManager: Mounting plugin OnlineSubsystemGooglePlay
LogPluginManager: Mounting plugin OnlineSubsystemIOS
LogPluginManager: Mounting plugin OnlineSubsystem
LogPluginManager: Mounting plugin OnlineSubsystemNull
LogPluginManager: Mounting plugin OnlineSubsystemUtils
LogPluginManager: Mounting plugin AndroidDeviceProfileSelector
LogPluginManager: Mounting plugin AndroidMoviePlayer
LogPluginManager: Mounting plugin AndroidPermission
LogPluginManager: Mounting plugin AppleMoviePlayer
LogPluginManager: Mounting plugin ArchVisCharacter
LogPluginManager: Mounting plugin CableComponent
LogPluginManager: Mounting plugin CustomMeshComponent
LogPluginManager: Mounting plugin ExampleDeviceProfileSelector
LogPluginManager: Mounting plugin GoogleCloudMessaging
LogPluginManager: Mounting plugin ImmediatePhysics
LogPluginManager: Mounting plugin IOSDeviceProfileSelector
LogPluginManager: Mounting plugin LinuxDeviceProfileSelector
LogPluginManager: Mounting plugin LocationServicesBPLibrary
LogPluginManager: Mounting plugin MobilePatchingUtils
LogPluginManager: Mounting plugin OculusVR
LogPluginManager: Mounting plugin PhysXVehicles
LogPluginManager: Mounting plugin ProceduralMeshComponent
LogPluginManager: Mounting plugin RuntimePhysXCooking
LogPluginManager: Mounting plugin SteamVR
LogPluginManager: Mounting plugin WindowsMoviePlayer
LogInit: Using libcurl 7.47.1
LogInit:  - built for x86_64-pc-win32
LogInit:  - supports SSL with OpenSSL/1.0.2g
LogInit:  - supports HTTP deflate (compression) using libz 1.2.8
LogInit:  - other features:
LogInit:      CURL_VERSION_SSL
LogInit:      CURL_VERSION_LIBZ
LogInit:      CURL_VERSION_IPV6
LogInit:      CURL_VERSION_ASYNCHDNS
LogInit:      CURL_VERSION_LARGEFILE
LogInit:      CURL_VERSION_IDN
LogInit:  CurlRequestOptions (configurable via config and command line):
LogInit:  - bVerifyPeer = false  - Libcurl will NOT verify peer certificate
LogInit:  - bUseHttpProxy = false  - Libcurl will NOT use HTTP proxy
LogInit:  - bDontReuseConnections = false  - Libcurl will reuse connections
LogInit:  - CertBundlePath = nullptr  - Libcurl will use whatever was configured at build time.
LogInit: Build: ++UE4+Release-4.17-CL-3586342
LogInit: Engine Version: 4.17.1-3586342+++UE4+Release-4.17
LogInit: Compatible Engine Version: 4.17.0-3573198+++UE4+Release-4.17
LogInit: Net CL: 3573198
LogDevObjectVersion: Number of dev versions registered: 16
LogDevObjectVersion:   Dev-Blueprints (B0D832E4-1F89-4F0D-ACCF-7EB736FD4AA2): 10
LogDevObjectVersion:   Dev-Build (E1C64328-A22C-4D53-A36C-8E866417BD8C): 0
LogDevObjectVersion:   Dev-Core (375EC13C-06E4-48FB-B500-84F0262A717E): 2
LogDevObjectVersion:   Dev-Editor (E4B068ED-F494-42E9-A231-DA0B2E46BB41): 20
LogDevObjectVersion:   Dev-Framework (CFFC743F-43B0-4480-9391-14DF171D2073): 28
LogDevObjectVersion:   Dev-Mobile (B02B49B5-BB20-44E9-A304-32B752E40360): 0
LogDevObjectVersion:   Dev-Networking (A4E4105C-59A1-49B5-A7C5-40C4547EDFEE): 0
LogDevObjectVersion:   Dev-Online (39C831C9-5AE6-47DC-9A44-9C173E1C8E7C): 0
LogDevObjectVersion:   Dev-Physics (78F01B33-EBEA-4F98-B9B4-84EACCB95AA2): 0
LogDevObjectVersion:   Dev-Platform (6631380F-2D4D-43E0-8009-CF276956A95A): 0
LogDevObjectVersion:   Dev-Rendering (12F88B9F-8875-4AFC-A67C-D90C383ABD29): 19
LogDevObjectVersion:   Dev-Sequencer (7B5AE74C-D270-4C10-A958-57980B212A5A): 4
LogDevObjectVersion:   Dev-VR (D7296918-1DD6-4BDD-9DE2-64A83CC13884): 0
LogDevObjectVersion:   Dev-LoadTimes (C2A15278-BFE7-4AFE-6C17-90FF531DF755): 1
LogDevObjectVersion:   Private-Geometry (6EACA3D4-40EC-4CC1-B786-8BED09428FC5): 1
LogDevObjectVersion:   Dev-AnimPhys (29E575DD-E0A3-4627-9D10-D276232CDCEA): 7
LogInit: Compiled (64-bit): Aug 15 2017 02:05:26
LogInit: Compiled with Visual C++: 19.00.24215.01
LogInit: Build Configuration: Development
LogInit: Branch Name: ++UE4+Release-4.17
LogInit: Command line:  
LogInit: Base directory: C:/Program Files/Epic Games/UE_4.17/Engine/Binaries/Win64/
LogInit: Installed Engine Build: 1
LogInit: Presizing for max 8388607 objects, including 0 objects not considered by GC, pre-allocating 0 bytes for permanent pool.
LogInit: Object subsystem initialized
[2018.01.02-18.57.39:032][  0]LogInit: Selected Device Profile: [Windows]
[2018.01.02-18.57.39:032][  0]LogInit: Applying CVar settings loaded from the selected device profile: [Windows]
[2018.01.02-18.57.39:150][  0]LogInit: Computer: DESKTOP-VHLABJA
[2018.01.02-18.57.39:150][  0]LogInit: User: benjr
[2018.01.02-18.57.39:150][  0]LogInit: CPU Page size=4096, Cores=4
[2018.01.02-18.57.39:150][  0]LogInit: High frequency timer resolution =2.531249 MHz
[2018.01.02-18.57.39:151][  0]LogMemory: Memory total: Physical=15.9GB (16GB approx)
[2018.01.02-18.57.39:151][  0]LogMemory: Platform Memory Stats for Windows
[2018.01.02-18.57.39:151][  0]LogMemory: Process Physical Memory: 281.18 MB used, 281.18 MB peak
[2018.01.02-18.57.39:151][  0]LogMemory: Process Virtual Memory: 282.16 MB used, 282.16 MB peak
[2018.01.02-18.57.39:151][  0]LogMemory: Physical Memory: 4294.58 MB used,  12000.86 MB free, 16295.43 MB total
[2018.01.02-18.57.39:151][  0]LogMemory: Virtual Memory: 677.26 MB used,  12000.86 MB free, 134217728.00 MB total
[2018.01.02-18.57.40:262][  0]LogInit: Using OS detected language (en-GB).
[2018.01.02-18.57.40:262][  0]LogInit: Using OS detected locale (en-GB).
[2018.01.02-18.57.40:465][  0]LogTextLocalizationManager: No specific localization for 'en-GB' exists, so the 'en' localization will be used.
[2018.01.02-18.57.48:973][  0]LogD3D11RHI: D3D11 adapters:
[2018.01.02-18.57.49:124][  0]LogD3D11RHI:    0. 'NVIDIA GeForce GTX 960M' (Feature Level 11_0)
[2018.01.02-18.57.49:124][  0]LogD3D11RHI:       2019/0/8147 MB DedicatedVideo/DedicatedSystem/SharedSystem, Outputs:1, VendorId:0x10de
[2018.01.02-18.57.49:145][  0]LogD3D11RHI:    1. 'Intel(R) HD Graphics 530' (Feature Level 11_0)
[2018.01.02-18.57.49:145][  0]LogD3D11RHI:       128/0/8147 MB DedicatedVideo/DedicatedSystem/SharedSystem, Outputs:0, VendorId:0x8086
[2018.01.02-18.57.49:149][  0]LogD3D11RHI:    2. 'Microsoft Basic Render Driver' (Feature Level 11_0)
[2018.01.02-18.57.49:149][  0]LogD3D11RHI:       0/0/8147 MB DedicatedVideo/DedicatedSystem/SharedSystem, Outputs:0, VendorId:0x1414
[2018.01.02-18.57.49:149][  0]LogD3D11RHI: Chosen D3D11 Adapter: 0
[2018.01.02-18.57.49:168][  0]LogD3D11RHI: Creating new Direct3DDevice
[2018.01.02-18.57.49:168][  0]LogD3D11RHI:     GPU DeviceId: 0x139b (for the marketing name, search the web for "GPU Device Id")
[2018.01.02-18.57.49:168][  0]LogWindows: EnumDisplayDevices:
[2018.01.02-18.57.49:169][  0]LogWindows:    0. 'Intel(R) HD Graphics 530' (P:1 D:1)
[2018.01.02-18.57.49:169][  0]LogWindows:    1. 'Intel(R) HD Graphics 530' (P:0 D:0)
[2018.01.02-18.57.49:170][  0]LogWindows:    2. 'Intel(R) HD Graphics 530' (P:0 D:0)
[2018.01.02-18.57.49:170][  0]LogWindows: DebugString: PrimaryIsNotTheChoosenAdapter PrimaryIsNotTheChoosenAdapter PrimaryIsNotTheChoosenAdapter FoundDriverCount:0 
[2018.01.02-18.57.49:170][  0]LogD3D11RHI:     Adapter Name: NVIDIA GeForce GTX 960M
[2018.01.02-18.57.49:170][  0]LogD3D11RHI:   Driver Version: Unknown (internal:Unknown, unified:Unknown)
[2018.01.02-18.57.49:170][  0]LogD3D11RHI:      Driver Date: Unknown
[2018.01.02-18.57.49:170][  0]LogRHI: Texture pool is 1361 MB (70% of 1945 MB)
[2018.01.02-18.57.49:274][  0]LogD3D11RHI: Async texture creation enabled
[2018.01.02-18.57.49:316][  0]LogD3D11RHI: GPU Timing Frequency: 1000.000000 (Debug: 2 1)
[2018.01.02-18.57.49:324][  0]LogShaderCompilers: Guid format shader working directory is -18 characters bigger than the processId version (../../../../../../Users/benjr/Documents/Unreal Projects/NodeGame/Intermediate/Shaders/WorkingDirectory/9868/).
[2018.01.02-18.57.49:325][  0]LogShaderCompilers: Cleaned the shader compiler working directory 'C:/Users/benjr/AppData/Local/Temp/UnrealShaderWorkingDir/C97DB89D4C6A8B4A19E755A88C558552/'.
[2018.01.02-18.57.49:325][  0]LogShaderCompilers: Display: Using Local Shader Compiler.
[2018.01.02-18.57.56:760][  0]LogTemp: Display: Loaded TP AllDesktopTargetPlatform
[2018.01.02-18.57.56:933][  0]LogTemp: Display: Loaded TP MacClientTargetPlatform
[2018.01.02-18.57.57:104][  0]LogTemp: Display: Loaded TP MacNoEditorTargetPlatform
[2018.01.02-18.57.57:265][  0]LogTemp: Display: Loaded TP MacServerTargetPlatform
[2018.01.02-18.57.57:445][  0]LogTemp: Display: Loaded TP MacTargetPlatform
[2018.01.02-18.57.57:609][  0]LogTemp: Display: Loaded TP WindowsClientTargetPlatform
[2018.01.02-18.57.57:779][  0]LogTemp: Display: Loaded TP WindowsNoEditorTargetPlatform
[2018.01.02-18.57.57:950][  0]LogTemp: Display: Loaded TP WindowsServerTargetPlatform
[2018.01.02-18.57.58:104][  0]LogTemp: Display: Loaded TP WindowsTargetPlatform
[2018.01.02-18.57.58:280][  0]LogTemp: Display: Loaded TP AndroidTargetPlatform
[2018.01.02-18.57.58:443][  0]LogTemp: Display: Loaded TP Android_ASTCTargetPlatform
[2018.01.02-18.57.58:604][  0]LogTemp: Display: Loaded TP Android_ATCTargetPlatform
[2018.01.02-18.57.58:773][  0]LogTemp: Display: Loaded TP Android_DXTTargetPlatform
[2018.01.02-18.57.58:938][  0]LogTemp: Display: Loaded TP Android_ETC1TargetPlatform
[2018.01.02-18.57.59:118][  0]LogTemp: Display: Loaded TP Android_ETC2TargetPlatform
[2018.01.02-18.57.59:434][  0]LogTemp: Display: Loaded TP Android_MultiTargetPlatform
[2018.01.02-18.57.59:434][  0]LogTemp: Display: Loaded TP Android_PVRTCTargetPlatform
[2018.01.02-18.57.59:565][  0]LogTemp: Display: Loaded TP HTML5TargetPlatform
[2018.01.02-18.57.59:833][  0]LogTemp: Display: Loaded TP IOSTargetPlatform
[2018.01.02-18.57.59:944][  0]LogTemp: Display: Loaded TP TVOSTargetPlatform
[2018.01.02-18.58.00:118][  0]LogTemp: Display: Loaded TP LinuxClientTargetPlatform
[2018.01.02-18.58.00:287][  0]LogTemp: Display: Loaded TP LinuxNoEditorTargetPlatform
[2018.01.02-18.58.00:454][  0]LogTemp: Display: Loaded TP LinuxServerTargetPlatform
[2018.01.02-18.58.00:655][  0]LogTemp: Display: Loaded TP LinuxTargetPlatform
[2018.01.02-18.58.00:655][  0]LogTargetPlatformManager: Display: Building Assets For Windows
[2018.01.02-18.58.02:515][  0]LogDerivedDataCache: Display: Max Cache Size: 512 MB
[2018.01.02-18.58.03:128][  0]LogDerivedDataCache: Loaded boot cache 0.61s 93MB C:/Users/benjr/AppData/Local/UnrealEngine/4.17/DerivedDataCache/Boot.ddc.
[2018.01.02-18.58.03:129][  0]LogDerivedDataCache: Display: Loaded Boot cache: C:/Users/benjr/AppData/Local/UnrealEngine/4.17/DerivedDataCache/Boot.ddc
[2018.01.02-18.58.03:129][  0]LogDerivedDataCache: FDerivedDataBackendGraph:  Pak pak cache file ../../../../../../Users/benjr/Documents/Unreal Projects/NodeGame/DerivedDataCache/DDC.ddp not found, will not use a pak cache.
[2018.01.02-18.58.03:129][  0]LogDerivedDataCache: Unable to find inner node Pak for hierarchical cache Hierarchy.
[2018.01.02-18.58.03:129][  0]LogDerivedDataCache: FDerivedDataBackendGraph:  CompressedPak pak cache file ../../../../../../Users/benjr/Documents/Unreal Projects/NodeGame/DerivedDataCache/Compressed.ddp not found, will not use a pak cache.
[2018.01.02-18.58.03:129][  0]LogDerivedDataCache: Unable to find inner node CompressedPak for hierarchical cache Hierarchy.
[2018.01.02-18.58.03:207][  0]LogDerivedDataCache: Display: Pak cache opened for reading ../../../Engine/DerivedDataCache/Compressed.ddp.
[2018.01.02-18.58.03:222][  0]LogDerivedDataCache: Using Local data cache path C:/Users/benjr/AppData/Local/UnrealEngine/Common/DerivedDataCache: Writable
[2018.01.02-18.58.03:263][  0]LogMaterial: Verifying Global Shaders for PCD3D_SM5
[2018.01.02-18.58.03:270][  0]LogSlate: Using Freetype 2.6.0
[2018.01.02-18.58.03:309][  0]LogSlate: SlateFontCache - WITH_FREETYPE: 1, WITH_HARFBUZZ: 1
[2018.01.02-18.58.03:310][  0]LogSlate: SlateFontCache - WITH_FREETYPE: 1, WITH_HARFBUZZ: 1
[2018.01.02-18.58.05:321][  0]LogAssetRegistry: FAssetRegistry took 0.0424 seconds to start up
[2018.01.02-18.58.05:846][  0]LogInit: Selected Device Profile: [Windows]
[2018.01.02-18.58.07:057][  0]LogContentStreaming: Texture pool size is 0.00 MB
[2018.01.02-18.58.08:235][  0]LogSimplygon: Simplygon DLL not present - disabling.
[2018.01.02-18.58.08:377][  0]LogMeshReduction: Using SimplygonSwarm for distributed automatic mesh merging
[2018.01.02-18.58.08:377][  0]LogMeshReduction: Using QuadricMeshReduction for automatic static mesh reduction
[2018.01.02-18.58.08:378][  0]LogMeshReduction: No automatic skeletal mesh reduction module available
[2018.01.02-18.58.08:378][  0]LogMeshReduction: No automatic mesh merging module available
[2018.01.02-18.58.08:378][  0]LogMeshMerging: No automatic mesh merging module available
[2018.01.02-18.58.10:602][  0]LogNetVersion: NodeGame , NetCL: 3573198, EngineNetVer: 2, GameNetVer: 0 (Checksum: 2672119057)
[2018.01.02-18.58.12:027][  0]LogPackageLocalizationCache: Processed 5 localized package path(s) for 2 prioritized culture(s) in 0.179483 seconds
[2018.01.02-18.58.12:047][  0]LogUObjectArray: 35825 objects as part of root set at end of initial load.
[2018.01.02-18.58.12:047][  0]LogUObjectAllocator: 7529112 out of 0 bytes used by permanent object pool.
[2018.01.02-18.58.12:047][  0]LogUObjectArray: CloseDisregardForGC: 0/0 objects in disregard for GC pool
[2018.01.02-18.58.12:245][  0]LogInit: WinSock: version 1.1 (2.2), MaxSocks=32767, MaxUdp=65467
[2018.01.02-18.58.29:421][  0]LogTcpMessaging: Initializing TcpMessaging bridge
[2018.01.02-18.58.29:518][  0]LogUdpMessaging: Initializing bridge on interface 0.0.0.0:0 to multicast group 230.0.0.1:6666.
[2018.01.02-18.58.31:862][  0]LogMaterial: Uniform references updated for custom material expression Custom.
[2018.01.02-18.58.33:618][  0]SourceControl: Source control is disabled
[2018.01.02-18.58.33:618][  0]SourceControl: Source control is disabled
[2018.01.02-18.58.33:802][  0]SourceControl: Source control is disabled
[2018.01.02-18.58.33:945][  0]SourceControl: Source control is disabled
[2018.01.02-18.58.35:860][  0]LogAndroidPermission: UAndroidPermissionCallbackProxy::GetInstance
[2018.01.02-18.58.36:583][  0]LogOcInput: OculusInput pre-init called
[2018.01.02-18.58.37:482][  0]LogEngine: Initializing Engine...
[2018.01.02-18.58.37:491][  0]LogHMD: Failed to initialize OpenVR with code 110
[2018.01.02-18.58.38:904][  0]LogStats: UGameplayTagsManager::ConstructGameplayTagTree: Construct from data asset -  0.000 s
[2018.01.02-18.58.38:905][  0]LogStats: UGameplayTagsManager::ConstructGameplayTagTree: GameplayTagTreeChangedEvent.Broadcast -  0.000 s
[2018.01.02-18.58.39:394][  0]LogAIModule: Creating AISystem for world Untitled
[2018.01.02-18.58.39:493][  0]LogInit: XAudio2 using 'Speakers (High Definition Audio Device)' : 2 channels at 48 kHz using 16 bits per sample (channel mask 0x3)
[2018.01.02-18.58.40:229][  0]LogInit: FAudioDevice initialized.
[2018.01.02-18.58.40:405][  0]LogDerivedDataCache: Saved boot cache 0.18s 93MB C:/Users/benjr/AppData/Local/UnrealEngine/4.17/DerivedDataCache/Boot.ddc.
[2018.01.02-18.58.40:436][  0]LogInit: Texture streaming: Enabled
[2018.01.02-18.58.40:847][  0]LogEngineSessionManager: EngineSessionManager initialized
[2018.01.02-18.58.41:726][  0]LogInit: Transaction tracking system initialized
[2018.01.02-18.58.42:886][  0]BlueprintLog: New page: Editor Load
[2018.01.02-18.58.46:561][  0]LocalizationService: Localization service is disabled
[2018.01.02-18.58.48:968][  0]LogConsoleResponse: Display: 
[2018.01.02-18.58.50:307][  0]LogCook: Display: Max memory allowance for cook 16384mb min free memory 0mb
[2018.01.02-18.58.50:308][  0]LogFileCache: Scanning file cache for directory 'C:/Users/benjr/Documents/Unreal Projects/NodeGame/Content/' took 0.03s
[2018.01.02-18.58.50:308][  0]LogCook: Display: Mobile HDR setting 0
[2018.01.02-18.58.50:309][  0]LogGameplayTags: Display: UGameplayTagsManager::DoneAddingNativeTags. DelegateIsBound: 0
[2018.01.02-18.58.54:118][  0]SourceControl: Source control is disabled
[2018.01.02-18.58.54:121][  0]Cmd: MAP LOAD FILE="../../../../../../Users/benjr/Documents/Unreal Projects/NodeGame/Content/TwinStickBP/Maps/TwinStickExampleMap.umap" TEMPLATE=0 SHOWPROGRESS=1 FEATURELEVEL=3
[2018.01.02-18.58.54:139][  0]LightingResults: New page: Lighting Build
[2018.01.02-18.58.54:274][  0]MapCheck: New page: Map Check
[2018.01.02-18.58.54:275][  0]LightingResults: New page: Lighting Build
[2018.01.02-18.58.55:768][  0]LogAIModule: Creating AISystem for world TwinStickExampleMap
[2018.01.02-18.58.55:819][  0]LogEditorServer: Finished looking for orphan Actors (0.000 secs)
[2018.01.02-18.58.55:865][  0]Cmd: MAP CHECKDEP NOCLEARLOG
[2018.01.02-18.58.56:016][  0]MapCheck: Map check complete: 0 Error(s), 0 Warning(s), took 151.064ms to complete.
[2018.01.02-18.58.56:016][  0]LogFileHelpers: Loading map 'TwinStickExampleMap' took 1.896
[2018.01.02-18.58.56:524][  0]LogCollectionManager: Loaded 0 collections in 0.004897 seconds
[2018.01.02-18.58.56:719][  0]LogFileCache: Scanning file cache for directory 'C:/Users/benjr/Documents/Unreal Projects/NodeGame/Saved/Collections/' took 0.01s
[2018.01.02-18.58.56:719][  0]LogFileCache: Scanning file cache for directory 'C:/Users/benjr/Documents/Unreal Projects/NodeGame/Content/Developers/benjr/Collections/' took 0.01s
[2018.01.02-18.58.56:719][  0]LogFileCache: Scanning file cache for directory 'C:/Users/benjr/Documents/Unreal Projects/NodeGame/Content/Collections/' took 0.01s
[2018.01.02-18.58.56:719][  0]LogCollectionManager: Rebuilt the GUID cache for 0 collections in 0.000001 seconds
[2018.01.02-18.58.56:752][  0]LogContentBrowser: Native class hierarchy populated in 0.0310 seconds. Added 2386 classes and 500 folders.
[2018.01.02-18.58.56:964][  0]LogContentBrowser: Native class hierarchy updated for 'WidgetCarousel' in 0.0022 seconds. Added 0 classes and 0 folders.
[2018.01.02-18.58.58:155][  0]LogContentBrowser: Native class hierarchy updated for 'AddContentDialog' in 0.0021 seconds. Added 0 classes and 0 folders.
[2018.01.02-18.58.58:338][  0]LogContentBrowser: Native class hierarchy updated for 'SceneOutliner' in 0.0022 seconds. Added 1 classes and 2 folders.
[2018.01.02-18.58.58:484][  0]LogSlate: Took 0.023263 seconds to synchronously load lazily loaded font '../../../Engine/Content/Slate/Fonts/Roboto-Regular.ttf' (155K)
[2018.01.02-18.58.58:512][  0]LogSlate: Took 0.018460 seconds to synchronously load lazily loaded font '../../../Engine/Content/Slate/Fonts/Roboto-Bold.ttf' (160K)
[2018.01.02-18.58.58:549][  0]LogSlate: Took 0.016694 seconds to synchronously load lazily loaded font '../../../Engine/Content/Editor/Slate/Fonts/FontAwesome.ttf' (139K)
[2018.01.02-18.58.59:088][  0]LogRenderer: Reallocating scene render targets to support 964x436 Format 10 NumSamples 1 (Frame:1).
[2018.01.02-18.58.59:650][  0]LogContentBrowser: Native class hierarchy updated for 'HierarchicalLODOutliner' in 0.0019 seconds. Added 1 classes and 2 folders.
[2018.01.02-18.58.59:650][  0]LogLoad: (Engine Initialization) Total time: 89.21 seconds
[2018.01.02-18.58.59:650][  0]LogLoad: (Engine Initialization) Total Blueprint compile time: 0.00 seconds
[2018.01.02-18.58.59:651][  0]LogExternalProfiler: No external profilers were discovered.  External profiling features will not be available.
[2018.01.02-18.58.59:675][  0]LogWindowsTextInputMethodSystem: Display: IME system now deactivated.
[2018.01.02-18.58.59:705][  0]LogContentStreaming: Texture pool size now 1000 MB
[2018.01.02-18.58.59:869][  0]LogSlate: Took 0.014329 seconds to synchronously load lazily loaded font '../../../Engine/Content/Slate/Fonts/Roboto-Light.ttf' (159K)
[2018.01.02-18.59.00:091][  3]LogAssetRegistry: Asset discovery search completed in 54.7929 seconds
[2018.01.02-18.59.00:096][  3]LogCollectionManager: Rebuilt the object cache for 0 collections in 0.000001 seconds (found 0 objects)
[2018.01.02-18.59.00:097][  3]LogCollectionManager: Fixed up redirectors for 0 collections in 0.000149 seconds (updated 0 objects)
[2018.01.02-19.02.05:221][ 19]LogTemp: Repeating last play command: Selected Viewport
[2018.01.02-19.02.05:329][ 19]LogBlueprintUserMessages: Early PlayInEditor Detection: Level '/Game/TwinStickBP/Maps/TwinStickExampleMap.TwinStickExampleMap:PersistentLevel' has LevelScriptBlueprint '/Game/TwinStickBP/Maps/TwinStickExampleMap.TwinStickExampleMap:PersistentLevel.TwinStickExampleMap' with GeneratedClass '/Game/TwinStickBP/Maps/TwinStickExampleMap.TwinStickExampleMap_C' with ClassGeneratedBy '/Game/TwinStickBP/Maps/TwinStickExampleMap.TwinStickExampleMap:PersistentLevel.TwinStickExampleMap'
[2018.01.02-19.02.05:329][ 19]LogPlayLevel: PlayLevel: No blueprints needed recompiling
[2018.01.02-19.02.05:331][ 19]PIE: New page: PIE session: TwinStickExampleMap (2 Jan 2018 19:02:05)
[2018.01.02-19.02.05:331][ 19]LogPlayLevel: Creating play world package: /Game/TwinStickBP/Maps/UEDPIE_0_TwinStickExampleMap
[2018.01.02-19.02.05:351][ 19]LogPlayLevel: PIE: StaticDuplicateObject took: (0.019366s)
[2018.01.02-19.02.05:353][ 19]LogAIModule: Creating AISystem for world TwinStickExampleMap
[2018.01.02-19.02.05:353][ 19]LogPlayLevel: PIE: World Init took: (0.002626s)
[2018.01.02-19.02.05:354][ 19]LogPlayLevel: PIE: Created PIE world by copying editor world from /Game/TwinStickBP/Maps/TwinStickExampleMap.TwinStickExampleMap to /Game/TwinStickBP/Maps/UEDPIE_0_TwinStickExampleMap.TwinStickExampleMap (0.022991s)
[2018.01.02-19.02.05:412][ 19]LogInit: XAudio2 using 'Speakers (High Definition Audio Device)' : 2 channels at 48 kHz using 16 bits per sample (channel mask 0x3)
[2018.01.02-19.02.05:438][ 19]LogInit: FAudioDevice initialized.
[2018.01.02-19.02.05:497][ 19]LogLoad: Game class is 'TwinStickGameMode_C'
[2018.01.02-19.02.05:508][ 19]LogWorld: Bringing World /Game/TwinStickBP/Maps/UEDPIE_0_TwinStickExampleMap.TwinStickExampleMap up for play (max tick rate 60) at 2018.01.02-19.02.05
[2018.01.02-19.02.05:510][ 19]LogWorld: Bringing up level for play took: 0.006635
[2018.01.02-19.02.05:708][ 19]LogContentBrowser: Native class hierarchy updated for 'MovieSceneCapture' in 0.0026 seconds. Added 11 classes and 0 folders.
[2018.01.02-19.02.05:712][ 19]PIE: Play in editor start time for /Game/TwinStickBP/Maps/UEDPIE_0_TwinStickExampleMap -0.508
[2018.01.02-19.02.05:712][ 19]LogBlueprintUserMessages: Late PlayInEditor Detection: Level '/Game/TwinStickBP/Maps/TwinStickExampleMap.TwinStickExampleMap:PersistentLevel' has LevelScriptBlueprint '/Game/TwinStickBP/Maps/TwinStickExampleMap.TwinStickExampleMap:PersistentLevel.TwinStickExampleMap' with GeneratedClass '/Game/TwinStickBP/Maps/TwinStickExampleMap.TwinStickExampleMap_C' with ClassGeneratedBy '/Game/TwinStickBP/Maps/TwinStickExampleMap.TwinStickExampleMap:PersistentLevel.TwinStickExampleMap'
[2018.01.02-19.03.33:765][258]LogBlueprintUserMessages: Early EndPlayMap Detection: Level '/Game/TwinStickBP/Maps/TwinStickExampleMap.TwinStickExampleMap:PersistentLevel' has LevelScriptBlueprint '/Game/TwinStickBP/Maps/TwinStickExampleMap.TwinStickExampleMap:PersistentLevel.TwinStickExampleMap' with GeneratedClass '/Game/TwinStickBP/Maps/TwinStickExampleMap.TwinStickExampleMap_C' with ClassGeneratedBy '/Game/TwinStickBP/Maps/TwinStickExampleMap.TwinStickExampleMap:PersistentLevel.TwinStickExampleMap'
[2018.01.02-19.03.33:814][258]LogBlueprintUserMessages: Late EndPlayMap Detection: Level '/Game/TwinStickBP/Maps/TwinStickExampleMap.TwinStickExampleMap:PersistentLevel' has LevelScriptBlueprint '/Game/TwinStickBP/Maps/TwinStickExampleMap.TwinStickExampleMap:PersistentLevel.TwinStickExampleMap' with GeneratedClass '/Game/TwinStickBP/Maps/TwinStickExampleMap.TwinStickExampleMap_C' with ClassGeneratedBy '/Game/TwinStickBP/Maps/TwinStickExampleMap.TwinStickExampleMap:PersistentLevel.TwinStickExampleMap'
[2018.01.02-19.03.45:728][959]LogEditorViewport: Clicking on Actor (LMB): StaticMeshActor (Floor)
[2018.01.02-19.03.49:139][123]Cmd: DELETE
[2018.01.02-19.03.49:139][123]Cmd: ACTOR DELETE
[2018.01.02-19.03.49:168][123]LogEditorActor: Deleted Actor: StaticMeshActor
[2018.01.02-19.03.49:200][123]LogEditorActor: Deleted 1 Actors (0.052 secs)
[2018.01.02-19.03.51:204][241]LogTemp: Repeating last play command: Selected Viewport
[2018.01.02-19.03.51:248][241]LogBlueprintUserMessages: Early PlayInEditor Detection: Level '/Game/TwinStickBP/Maps/TwinStickExampleMap.TwinStickExampleMap:PersistentLevel' has LevelScriptBlueprint '/Game/TwinStickBP/Maps/TwinStickExampleMap.TwinStickExampleMap:PersistentLevel.TwinStickExampleMap' with GeneratedClass '/Game/TwinStickBP/Maps/TwinStickExampleMap.TwinStickExampleMap_C' with ClassGeneratedBy '/Game/TwinStickBP/Maps/TwinStickExampleMap.TwinStickExampleMap:PersistentLevel.TwinStickExampleMap'
[2018.01.02-19.03.51:248][241]LogPlayLevel: PlayLevel: No blueprints needed recompiling
[2018.01.02-19.03.51:249][241]PIE: New page: PIE session: TwinStickExampleMap (2 Jan 2018 19:03:51)
[2018.01.02-19.03.51:249][241]LogPlayLevel: Creating play world package: /Game/TwinStickBP/Maps/UEDPIE_0_TwinStickExampleMap
[2018.01.02-19.03.51:266][241]LogPlayLevel: PIE: StaticDuplicateObject took: (0.016710s)
[2018.01.02-19.03.51:268][241]LogAIModule: Creating AISystem for world TwinStickExampleMap
[2018.01.02-19.03.51:268][241]LogPlayLevel: PIE: World Init took: (0.002248s)
[2018.01.02-19.03.51:269][241]LogPlayLevel: PIE: Created PIE world by copying editor world from /Game/TwinStickBP/Maps/TwinStickExampleMap.TwinStickExampleMap to /Game/TwinStickBP/Maps/UEDPIE_0_TwinStickExampleMap.TwinStickExampleMap (0.019710s)
[2018.01.02-19.03.51:320][241]LogInit: XAudio2 using 'Speakers (High Definition Audio Device)' : 2 channels at 48 kHz using 16 bits per sample (channel mask 0x3)
[2018.01.02-19.03.51:340][241]LogInit: FAudioDevice initialized.
[2018.01.02-19.03.51:386][241]LogLoad: Game class is 'TwinStickGameMode_C'
[2018.01.02-19.03.51:392][241]LogWorld: Bringing World /Game/TwinStickBP/Maps/UEDPIE_0_TwinStickExampleMap.TwinStickExampleMap up for play (max tick rate 60) at 2018.01.02-19.03.51
[2018.01.02-19.03.51:393][241]LogWorld: Bringing up level for play took: 0.005064
[2018.01.02-19.03.51:396][241]PIE: Play in editor start time for /Game/TwinStickBP/Maps/UEDPIE_0_TwinStickExampleMap -0.824
[2018.01.02-19.03.51:397][241]LogBlueprintUserMessages: Late PlayInEditor Detection: Level '/Game/TwinStickBP/Maps/TwinStickExampleMap.TwinStickExampleMap:PersistentLevel' has LevelScriptBlueprint '/Game/TwinStickBP/Maps/TwinStickExampleMap.TwinStickExampleMap:PersistentLevel.TwinStickExampleMap' with GeneratedClass '/Game/TwinStickBP/Maps/TwinStickExampleMap.TwinStickExampleMap_C' with ClassGeneratedBy '/Game/TwinStickBP/Maps/TwinStickExampleMap.TwinStickExampleMap:PersistentLevel.TwinStickExampleMap'
[2018.01.02-19.03.58:870][683]LogBlueprintUserMessages: Early EndPlayMap Detection: Level '/Game/TwinStickBP/Maps/TwinStickExampleMap.TwinStickExampleMap:PersistentLevel' has LevelScriptBlueprint '/Game/TwinStickBP/Maps/TwinStickExampleMap.TwinStickExampleMap:PersistentLevel.TwinStickExampleMap' with GeneratedClass '/Game/TwinStickBP/Maps/TwinStickExampleMap.TwinStickExampleMap_C' with ClassGeneratedBy '/Game/TwinStickBP/Maps/TwinStickExampleMap.TwinStickExampleMap:PersistentLevel.TwinStickExampleMap'
[2018.01.02-19.03.58:917][683]LogBlueprintUserMessages: Late EndPlayMap Detection: Level '/Game/TwinStickBP/Maps/TwinStickExampleMap.TwinStickExampleMap:PersistentLevel' has LevelScriptBlueprint '/Game/TwinStickBP/Maps/TwinStickExampleMap.TwinStickExampleMap:PersistentLevel.TwinStickExampleMap' with GeneratedClass '/Game/TwinStickBP/Maps/TwinStickExampleMap.TwinStickExampleMap_C' with ClassGeneratedBy '/Game/TwinStickBP/Maps/TwinStickExampleMap.TwinStickExampleMap:PersistentLevel.TwinStickExampleMap'
[2018.01.02-19.05.30:070][692]EditorErrors: New page: Actor attachment
[2018.01.02-19.05.32:690][813]LogTemp: Repeating last play command: Selected Viewport
[2018.01.02-19.05.32:742][813]LogBlueprintUserMessages: Early PlayInEditor Detection: Level '/Game/TwinStickBP/Maps/TwinStickExampleMap.TwinStickExampleMap:PersistentLevel' has LevelScriptBlueprint '/Game/TwinStickBP/Maps/TwinStickExampleMap.TwinStickExampleMap:PersistentLevel.TwinStickExampleMap' with GeneratedClass '/Game/TwinStickBP/Maps/TwinStickExampleMap.TwinStickExampleMap_C' with ClassGeneratedBy '/Game/TwinStickBP/Maps/TwinStickExampleMap.TwinStickExampleMap:PersistentLevel.TwinStickExampleMap'
[2018.01.02-19.05.32:743][813]LogPlayLevel: PlayLevel: No blueprints needed recompiling
[2018.01.02-19.05.32:743][813]PIE: New page: PIE session: TwinStickExampleMap (2 Jan 2018 19:05:32)
[2018.01.02-19.05.32:743][813]LogPlayLevel: Creating play world package: /Game/TwinStickBP/Maps/UEDPIE_0_TwinStickExampleMap
[2018.01.02-19.05.32:763][813]LogPlayLevel: PIE: StaticDuplicateObject took: (0.019557s)
[2018.01.02-19.05.32:765][813]LogAIModule: Creating AISystem for world TwinStickExampleMap
[2018.01.02-19.05.32:765][813]LogPlayLevel: PIE: World Init took: (0.002317s)
[2018.01.02-19.05.32:766][813]LogPlayLevel: PIE: Created PIE world by copying editor world from /Game/TwinStickBP/Maps/TwinStickExampleMap.TwinStickExampleMap to /Game/TwinStickBP/Maps/UEDPIE_0_TwinStickExampleMap.TwinStickExampleMap (0.022604s)
[2018.01.02-19.05.32:891][813]LogInit: XAudio2 using 'Speakers (High Definition Audio Device)' : 2 channels at 48 kHz using 16 bits per sample (channel mask 0x3)
[2018.01.02-19.05.32:915][813]LogInit: FAudioDevice initialized.
[2018.01.02-19.05.32:965][813]LogLoad: Game class is 'TwinStickGameMode_C'
[2018.01.02-19.05.32:972][813]LogWorld: Bringing World /Game/TwinStickBP/Maps/UEDPIE_0_TwinStickExampleMap.TwinStickExampleMap up for play (max tick rate 60) at 2018.01.02-19.05.32
[2018.01.02-19.05.32:973][813]LogWorld: Bringing up level for play took: 0.005136
[2018.01.02-19.05.32:976][813]PIE: Play in editor start time for /Game/TwinStickBP/Maps/UEDPIE_0_TwinStickExampleMap 0.757
[2018.01.02-19.05.32:977][813]LogBlueprintUserMessages: Late PlayInEditor Detection: Level '/Game/TwinStickBP/Maps/TwinStickExampleMap.TwinStickExampleMap:PersistentLevel' has LevelScriptBlueprint '/Game/TwinStickBP/Maps/TwinStickExampleMap.TwinStickExampleMap:PersistentLevel.TwinStickExampleMap' with GeneratedClass '/Game/TwinStickBP/Maps/TwinStickExampleMap.TwinStickExampleMap_C' with ClassGeneratedBy '/Game/TwinStickBP/Maps/TwinStickExampleMap.TwinStickExampleMap:PersistentLevel.TwinStickExampleMap'
[2018.01.02-19.05.37:963][ 99]LogBlueprintUserMessages: Early EndPlayMap Detection: Level '/Game/TwinStickBP/Maps/TwinStickExampleMap.TwinStickExampleMap:PersistentLevel' has LevelScriptBlueprint '/Game/TwinStickBP/Maps/TwinStickExampleMap.TwinStickExampleMap:PersistentLevel.TwinStickExampleMap' with GeneratedClass '/Game/TwinStickBP/Maps/TwinStickExampleMap.TwinStickExampleMap_C' with ClassGeneratedBy '/Game/TwinStickBP/Maps/TwinStickExampleMap.TwinStickExampleMap:PersistentLevel.TwinStickExampleMap'
[2018.01.02-19.05.38:029][ 99]LogBlueprintUserMessages: Late EndPlayMap Detection: Level '/Game/TwinStickBP/Maps/TwinStickExampleMap.TwinStickExampleMap:PersistentLevel' has LevelScriptBlueprint '/Game/TwinStickBP/Maps/TwinStickExampleMap.TwinStickExampleMap:PersistentLevel.TwinStickExampleMap' with GeneratedClass '/Game/TwinStickBP/Maps/TwinStickExampleMap.TwinStickExampleMap_C' with ClassGeneratedBy '/Game/TwinStickBP/Maps/TwinStickExampleMap.TwinStickExampleMap:PersistentLevel.TwinStickExampleMap'
[2018.01.02-19.05.42:491][323]Cmd: TRANSACTION UNDO
[2018.01.02-19.05.42:492][323]LogEditorTransaction: Undo Clicking on Actors
[2018.01.02-19.05.42:607][323]LogSlate: Took 0.000465 seconds to synchronously load lazily loaded font '../../../Engine/Content/Slate/Fonts/Roboto-Light.ttf' (159K)
[2018.01.02-19.05.42:935][334]Cmd: TRANSACTION UNDO
[2018.01.02-19.05.42:935][334]LogEditorTransaction: Undo Attach actors
[2018.01.02-19.05.42:939][334]LogSceneComponent: Error: Component 'StaticMeshComponent /Game/TwinStickBP/Maps/TwinStickExampleMap.TwinStickExampleMap:PersistentLevel.Player.ShipMeshComponent' has 'AtmosphericFogComponent /Game/TwinStickBP/Maps/TwinStickExampleMap.TwinStickExampleMap:PersistentLevel.AtmosphericFog_1.AtmosphericFogComponent0' in its AttachChildren array, however, 'AtmosphericFogComponent /Game/TwinStickBP/Maps/TwinStickExampleMap.TwinStickExampleMap:PersistentLevel.AtmosphericFog_1.AtmosphericFogComponent0' believes it is not attached to anything
[2018.01.02-19.05.44:977][433]Cmd: TRANSACTION UNDO
[2018.01.02-19.05.44:977][433]LogEditorTransaction: Undo Clicking on Actors
[2018.01.02-19.05.46:043][482]Cmd: TRANSACTION UNDO
[2018.01.02-19.05.46:044][482]LogEditorTransaction: Undo Clicking on Actors
[2018.01.02-19.05.48:564][613]Cmd: TRANSACTION UNDO
[2018.01.02-19.05.48:564][613]LogEditorTransaction: Undo Clicking on Actors
[2018.01.02-19.05.49:281][648]Cmd: TRANSACTION UNDO
[2018.01.02-19.05.49:282][648]LogEditorTransaction: Undo Clicking on Actors
[2018.01.02-19.05.50:406][699]Cmd: TRANSACTION UNDO
[2018.01.02-19.05.50:407][699]LogEditorTransaction: Undo Clicking on Actors
[2018.01.02-19.05.50:939][722]Cmd: TRANSACTION UNDO
[2018.01.02-19.05.50:940][722]LogEditorTransaction: Undo Clicking on Actors
[2018.01.02-19.05.51:602][749]Cmd: TRANSACTION UNDO
[2018.01.02-19.05.51:602][749]LogEditorTransaction: Undo Clicking on Actors
[2018.01.02-19.05.52:108][768]Cmd: TRANSACTION UNDO
[2018.01.02-19.05.52:108][768]LogEditorTransaction: Undo Clicking on Actors
[2018.01.02-19.05.52:585][785]Cmd: TRANSACTION UNDO
[2018.01.02-19.05.52:585][785]LogEditorTransaction: Undo Rename Actor
[2018.01.02-19.05.53:068][805]Cmd: TRANSACTION UNDO
[2018.01.02-19.05.53:068][805]LogEditorTransaction: Undo Clicking on Actors
[2018.01.02-19.05.53:594][825]Cmd: TRANSACTION UNDO
[2018.01.02-19.05.53:594][825]LogEditorTransaction: Undo Clicking on Actors
[2018.01.02-19.05.54:136][845]Cmd: TRANSACTION UNDO
[2018.01.02-19.05.54:136][845]LogEditorTransaction: Undo Clicking on Actors
[2018.01.02-19.05.54:581][862]Cmd: TRANSACTION UNDO
[2018.01.02-19.05.54:581][862]LogEditorTransaction: Undo Clicking on Actors
[2018.01.02-19.05.55:451][899]Cmd: TRANSACTION UNDO
[2018.01.02-19.05.55:451][899]LogEditorTransaction: Undo Clicking on Actors
[2018.01.02-19.05.56:359][951]Cmd: TRANSACTION UNDO
[2018.01.02-19.05.56:360][951]LogEditorTransaction: Undo Delete Actors
[2018.01.02-19.06.56:443][ 19]EditorErrors: New page: Actor attachment
[2018.01.02-19.07.04:276][387]LogTemp: Repeating last play command: Selected Viewport
[2018.01.02-19.07.04:319][387]LogBlueprintUserMessages: Early PlayInEditor Detection: Level '/Game/TwinStickBP/Maps/TwinStickExampleMap.TwinStickExampleMap:PersistentLevel' has LevelScriptBlueprint '/Game/TwinStickBP/Maps/TwinStickExampleMap.TwinStickExampleMap:PersistentLevel.TwinStickExampleMap' with GeneratedClass '/Game/TwinStickBP/Maps/TwinStickExampleMap.TwinStickExampleMap_C' with ClassGeneratedBy '/Game/TwinStickBP/Maps/TwinStickExampleMap.TwinStickExampleMap:PersistentLevel.TwinStickExampleMap'
[2018.01.02-19.07.04:319][387]LogPlayLevel: PlayLevel: No blueprints needed recompiling
[2018.01.02-19.07.04:320][387]PIE: New page: PIE session: TwinStickExampleMap (2 Jan 2018 19:07:04)
[2018.01.02-19.07.04:320][387]LogPlayLevel: Creating play world package: /Game/TwinStickBP/Maps/UEDPIE_0_TwinStickExampleMap
[2018.01.02-19.07.04:340][387]LogPlayLevel: PIE: StaticDuplicateObject took: (0.020273s)
[2018.01.02-19.07.04:342][387]LogAIModule: Creating AISystem for world TwinStickExampleMap
[2018.01.02-19.07.04:343][387]LogPlayLevel: PIE: World Init took: (0.002428s)
[2018.01.02-19.07.04:344][387]LogPlayLevel: PIE: Created PIE world by copying editor world from /Game/TwinStickBP/Maps/TwinStickExampleMap.TwinStickExampleMap to /Game/TwinStickBP/Maps/UEDPIE_0_TwinStickExampleMap.TwinStickExampleMap (0.023670s)
[2018.01.02-19.07.04:392][387]LogInit: XAudio2 using 'Speakers (High Definition Audio Device)' : 2 channels at 48 kHz using 16 bits per sample (channel mask 0x3)
[2018.01.02-19.07.04:413][387]LogInit: FAudioDevice initialized.
[2018.01.02-19.07.04:463][387]LogLoad: Game class is 'TwinStickGameMode_C'
[2018.01.02-19.07.04:469][387]LogWorld: Bringing World /Game/TwinStickBP/Maps/UEDPIE_0_TwinStickExampleMap.TwinStickExampleMap up for play (max tick rate 60) at 2018.01.02-19.07.04
[2018.01.02-19.07.04:470][387]LogWorld: Bringing up level for play took: 0.004452
[2018.01.02-19.07.04:472][387]PIE: Play in editor start time for /Game/TwinStickBP/Maps/UEDPIE_0_TwinStickExampleMap 0.253
[2018.01.02-19.07.04:473][387]LogBlueprintUserMessages: Late PlayInEditor Detection: Level '/Game/TwinStickBP/Maps/TwinStickExampleMap.TwinStickExampleMap:PersistentLevel' has LevelScriptBlueprint '/Game/TwinStickBP/Maps/TwinStickExampleMap.TwinStickExampleMap:PersistentLevel.TwinStickExampleMap' with GeneratedClass '/Game/TwinStickBP/Maps/TwinStickExampleMap.TwinStickExampleMap_C' with ClassGeneratedBy '/Game/TwinStickBP/Maps/TwinStickExampleMap.TwinStickExampleMap:PersistentLevel.TwinStickExampleMap'
[2018.01.02-19.07.08:922][643]LogBlueprintUserMessages: Early EndPlayMap Detection: Level '/Game/TwinStickBP/Maps/TwinStickExampleMap.TwinStickExampleMap:PersistentLevel' has LevelScriptBlueprint '/Game/TwinStickBP/Maps/TwinStickExampleMap.TwinStickExampleMap:PersistentLevel.TwinStickExampleMap' with GeneratedClass '/Game/TwinStickBP/Maps/TwinStickExampleMap.TwinStickExampleMap_C' with ClassGeneratedBy '/Game/TwinStickBP/Maps/TwinStickExampleMap.TwinStickExampleMap:PersistentLevel.TwinStickExampleMap'
[2018.01.02-19.07.08:999][643]LogBlueprintUserMessages: Late EndPlayMap Detection: Level '/Game/TwinStickBP/Maps/TwinStickExampleMap.TwinStickExampleMap:PersistentLevel' has LevelScriptBlueprint '/Game/TwinStickBP/Maps/TwinStickExampleMap.TwinStickExampleMap:PersistentLevel.TwinStickExampleMap' with GeneratedClass '/Game/TwinStickBP/Maps/TwinStickExampleMap.TwinStickExampleMap_C' with ClassGeneratedBy '/Game/TwinStickBP/Maps/TwinStickExampleMap.TwinStickExampleMap:PersistentLevel.TwinStickExampleMap'
[2018.01.02-19.10.45:856][834]LogSlate: Took 0.000369 seconds to synchronously load lazily loaded font '../../../Engine/Content/Slate/Fonts/Roboto-Light.ttf' (159K)
[2018.01.02-19.10.46:274][834]LogSavePackage: Save=263.24ms
[2018.01.02-19.10.46:274][834]LogSavePackage: Moving '../../../../../../Users/benjr/Documents/Unreal Projects/NodeGame/Saved/TwinStickExampleMap_Auto107CD63A641043CABB2E1AB8B6E7C511C.tmp' to '../../../../../../Users/benjr/Documents/Unreal Projects/NodeGame/Saved/Autosaves/Game/TwinStickBP/Maps/TwinStickExampleMap_Auto1.umap'
[2018.01.02-19.10.46:281][834]LogSavePackage: Display: Finished SavePackage ../../../../../../Users/benjr/Documents/Unreal Projects/NodeGame/Saved/Autosaves/Game/TwinStickBP/Maps/TwinStickExampleMap_Auto1.umap
[2018.01.02-19.10.46:299][834]LogFileHelpers: Editor autosave (incl. sublevels) for '/Game/TwinStickBP/Maps/TwinStickExampleMap' took 0.350
[2018.01.02-19.10.46:299][834]LogFileHelpers: Editor autosave (incl. sublevels) for all levels took 0.350
[2018.01.02-19.13.29:604][840]LogTemp: Repeating last play command: Selected Viewport
[2018.01.02-19.13.29:655][840]LogBlueprintUserMessages: Early PlayInEditor Detection: Level '/Game/TwinStickBP/Maps/TwinStickExampleMap.TwinStickExampleMap:PersistentLevel' has LevelScriptBlueprint '/Game/TwinStickBP/Maps/TwinStickExampleMap.TwinStickExampleMap:PersistentLevel.TwinStickExampleMap' with GeneratedClass '/Game/TwinStickBP/Maps/TwinStickExampleMap.TwinStickExampleMap_C' with ClassGeneratedBy '/Game/TwinStickBP/Maps/TwinStickExampleMap.TwinStickExampleMap:PersistentLevel.TwinStickExampleMap'
[2018.01.02-19.13.29:655][840]LogPlayLevel: PlayLevel: No blueprints needed recompiling
[2018.01.02-19.13.29:656][840]PIE: New page: PIE session: TwinStickExampleMap (2 Jan 2018 19:13:29)
[2018.01.02-19.13.29:656][840]LogPlayLevel: Creating play world package: /Game/TwinStickBP/Maps/UEDPIE_0_TwinStickExampleMap
[2018.01.02-19.13.29:677][840]LogPlayLevel: PIE: StaticDuplicateObject took: (0.021073s)
[2018.01.02-19.13.29:679][840]LogAIModule: Creating AISystem for world TwinStickExampleMap
[2018.01.02-19.13.29:680][840]LogPlayLevel: PIE: World Init took: (0.002378s)
[2018.01.02-19.13.29:680][840]LogPlayLevel: PIE: Created PIE world by copying editor world from /Game/TwinStickBP/Maps/TwinStickExampleMap.TwinStickExampleMap to /Game/TwinStickBP/Maps/UEDPIE_0_TwinStickExampleMap.TwinStickExampleMap (0.024161s)
[2018.01.02-19.13.29:736][840]LogInit: XAudio2 using 'Speakers (High Definition Audio Device)' : 2 channels at 48 kHz using 16 bits per sample (channel mask 0x3)
[2018.01.02-19.13.29:760][840]LogInit: FAudioDevice initialized.
[2018.01.02-19.13.29:809][840]LogLoad: Game class is 'TwinStickGameMode_C'
[2018.01.02-19.13.29:817][840]LogWorld: Bringing World /Game/TwinStickBP/Maps/UEDPIE_0_TwinStickExampleMap.TwinStickExampleMap up for play (max tick rate 60) at 2018.01.02-19.13.29
[2018.01.02-19.13.29:818][840]LogWorld: Bringing up level for play took: 0.006623
[2018.01.02-19.13.29:822][840]PIE: Play in editor start time for /Game/TwinStickBP/Maps/UEDPIE_0_TwinStickExampleMap -0.397
[2018.01.02-19.13.29:823][840]LogBlueprintUserMessages: Late PlayInEditor Detection: Level '/Game/TwinStickBP/Maps/TwinStickExampleMap.TwinStickExampleMap:PersistentLevel' has LevelScriptBlueprint '/Game/TwinStickBP/Maps/TwinStickExampleMap.TwinStickExampleMap:PersistentLevel.TwinStickExampleMap' with GeneratedClass '/Game/TwinStickBP/Maps/TwinStickExampleMap.TwinStickExampleMap_C' with ClassGeneratedBy '/Game/TwinStickBP/Maps/TwinStickExampleMap.TwinStickExampleMap:PersistentLevel.TwinStickExampleMap'
[2018.01.02-19.13.33:349][ 44]LogBlueprintUserMessages: Early EndPlayMap Detection: Level '/Game/TwinStickBP/Maps/TwinStickExampleMap.TwinStickExampleMap:PersistentLevel' has LevelScriptBlueprint '/Game/TwinStickBP/Maps/TwinStickExampleMap.TwinStickExampleMap:PersistentLevel.TwinStickExampleMap' with GeneratedClass '/Game/TwinStickBP/Maps/TwinStickExampleMap.TwinStickExampleMap_C' with ClassGeneratedBy '/Game/TwinStickBP/Maps/TwinStickExampleMap.TwinStickExampleMap:PersistentLevel.TwinStickExampleMap'
[2018.01.02-19.13.33:424][ 44]LogBlueprintUserMessages: Late EndPlayMap Detection: Level '/Game/TwinStickBP/Maps/TwinStickExampleMap.TwinStickExampleMap:PersistentLevel' has LevelScriptBlueprint '/Game/TwinStickBP/Maps/TwinStickExampleMap.TwinStickExampleMap:PersistentLevel.TwinStickExampleMap' with GeneratedClass '/Game/TwinStickBP/Maps/TwinStickExampleMap.TwinStickExampleMap_C' with ClassGeneratedBy '/Game/TwinStickBP/Maps/TwinStickExampleMap.TwinStickExampleMap:PersistentLevel.TwinStickExampleMap'
[2018.01.02-19.14.12:834][178]LogTemp: Repeating last play command: Selected Viewport
[2018.01.02-19.14.12:879][178]LogBlueprintUserMessages: Early PlayInEditor Detection: Level '/Game/TwinStickBP/Maps/TwinStickExampleMap.TwinStickExampleMap:PersistentLevel' has LevelScriptBlueprint '/Game/TwinStickBP/Maps/TwinStickExampleMap.TwinStickExampleMap:PersistentLevel.TwinStickExampleMap' with GeneratedClass '/Game/TwinStickBP/Maps/TwinStickExampleMap.TwinStickExampleMap_C' with ClassGeneratedBy '/Game/TwinStickBP/Maps/TwinStickExampleMap.TwinStickExampleMap:PersistentLevel.TwinStickExampleMap'
[2018.01.02-19.14.12:879][178]LogPlayLevel: PlayLevel: No blueprints needed recompiling
[2018.01.02-19.14.12:880][178]PIE: New page: PIE session: TwinStickExampleMap (2 Jan 2018 19:14:12)
[2018.01.02-19.14.12:880][178]LogPlayLevel: Creating play world package: /Game/TwinStickBP/Maps/UEDPIE_0_TwinStickExampleMap
[2018.01.02-19.14.12:897][178]LogPlayLevel: PIE: StaticDuplicateObject took: (0.016446s)
[2018.01.02-19.14.12:898][178]LogAIModule: Creating AISystem for world TwinStickExampleMap
[2018.01.02-19.14.12:899][178]LogPlayLevel: PIE: World Init took: (0.001951s)
[2018.01.02-19.14.12:899][178]LogPlayLevel: PIE: Created PIE world by copying editor world from /Game/TwinStickBP/Maps/TwinStickExampleMap.TwinStickExampleMap to /Game/TwinStickBP/Maps/UEDPIE_0_TwinStickExampleMap.TwinStickExampleMap (0.018984s)
[2018.01.02-19.14.12:957][178]LogInit: XAudio2 using 'Speakers (High Definition Audio Device)' : 2 channels at 48 kHz using 16 bits per sample (channel mask 0x3)
[2018.01.02-19.14.12:983][178]LogInit: FAudioDevice initialized.
[2018.01.02-19.14.13:029][178]LogLoad: Game class is 'TwinStickGameMode_C'
[2018.01.02-19.14.13:036][178]LogWorld: Bringing World /Game/TwinStickBP/Maps/UEDPIE_0_TwinStickExampleMap.TwinStickExampleMap up for play (max tick rate 60) at 2018.01.02-19.14.13
[2018.01.02-19.14.13:037][178]LogWorld: Bringing up level for play took: 0.005163
[2018.01.02-19.14.13:039][178]PIE: Play in editor start time for /Game/TwinStickBP/Maps/UEDPIE_0_TwinStickExampleMap 0.82
[2018.01.02-19.14.13:040][178]LogBlueprintUserMessages: Late PlayInEditor Detection: Level '/Game/TwinStickBP/Maps/TwinStickExampleMap.TwinStickExampleMap:PersistentLevel' has LevelScriptBlueprint '/Game/TwinStickBP/Maps/TwinStickExampleMap.TwinStickExampleMap:PersistentLevel.TwinStickExampleMap' with GeneratedClass '/Game/TwinStickBP/Maps/TwinStickExampleMap.TwinStickExampleMap_C' with ClassGeneratedBy '/Game/TwinStickBP/Maps/TwinStickExampleMap.TwinStickExampleMap:PersistentLevel.TwinStickExampleMap'
[2018.01.02-19.14.16:208][361]LogBlueprintUserMessages: Early EndPlayMap Detection: Level '/Game/TwinStickBP/Maps/TwinStickExampleMap.TwinStickExampleMap:PersistentLevel' has LevelScriptBlueprint '/Game/TwinStickBP/Maps/TwinStickExampleMap.TwinStickExampleMap:PersistentLevel.TwinStickExampleMap' with GeneratedClass '/Game/TwinStickBP/Maps/TwinStickExampleMap.TwinStickExampleMap_C' with ClassGeneratedBy '/Game/TwinStickBP/Maps/TwinStickExampleMap.TwinStickExampleMap:PersistentLevel.TwinStickExampleMap'
[2018.01.02-19.14.16:284][361]LogBlueprintUserMessages: Late EndPlayMap Detection: Level '/Game/TwinStickBP/Maps/TwinStickExampleMap.TwinStickExampleMap:PersistentLevel' has LevelScriptBlueprint '/Game/TwinStickBP/Maps/TwinStickExampleMap.TwinStickExampleMap:PersistentLevel.TwinStickExampleMap' with GeneratedClass '/Game/TwinStickBP/Maps/TwinStickExampleMap.TwinStickExampleMap_C' with ClassGeneratedBy '/Game/TwinStickBP/Maps/TwinStickExampleMap.TwinStickExampleMap:PersistentLevel.TwinStickExampleMap'
[2018.01.02-19.14.24:920][810]LogTemp: Repeating last play command: Selected Viewport
[2018.01.02-19.14.24:970][810]LogBlueprintUserMessages: Early PlayInEditor Detection: Level '/Game/TwinStickBP/Maps/TwinStickExampleMap.TwinStickExampleMap:PersistentLevel' has LevelScriptBlueprint '/Game/TwinStickBP/Maps/TwinStickExampleMap.TwinStickExampleMap:PersistentLevel.TwinStickExampleMap' with GeneratedClass '/Game/TwinStickBP/Maps/TwinStickExampleMap.TwinStickExampleMap_C' with ClassGeneratedBy '/Game/TwinStickBP/Maps/TwinStickExampleMap.TwinStickExampleMap:PersistentLevel.TwinStickExampleMap'
[2018.01.02-19.14.24:970][810]LogPlayLevel: PlayLevel: No blueprints needed recompiling
[2018.01.02-19.14.24:971][810]PIE: New page: PIE session: TwinStickExampleMap (2 Jan 2018 19:14:24)
[2018.01.02-19.14.24:971][810]LogPlayLevel: Creating play world package: /Game/TwinStickBP/Maps/UEDPIE_0_TwinStickExampleMap
[2018.01.02-19.14.24:986][810]LogPlayLevel: PIE: StaticDuplicateObject took: (0.014830s)
[2018.01.02-19.14.24:987][810]LogAIModule: Creating AISystem for world TwinStickExampleMap
[2018.01.02-19.14.24:988][810]LogPlayLevel: PIE: World Init took: (0.002203s)
[2018.01.02-19.14.24:988][810]LogPlayLevel: PIE: Created PIE world by copying editor world from /Game/TwinStickBP/Maps/TwinStickExampleMap.TwinStickExampleMap to /Game/TwinStickBP/Maps/UEDPIE_0_TwinStickExampleMap.TwinStickExampleMap (0.017620s)
[2018.01.02-19.14.25:045][810]LogInit: XAudio2 using 'Speakers (High Definition Audio Device)' : 2 channels at 48 kHz using 16 bits per sample (channel mask 0x3)
[2018.01.02-19.14.25:066][810]LogInit: FAudioDevice initialized.
[2018.01.02-19.14.25:110][810]LogLoad: Game class is 'TwinStickGameMode_C'
[2018.01.02-19.14.25:116][810]LogWorld: Bringing World /Game/TwinStickBP/Maps/UEDPIE_0_TwinStickExampleMap.TwinStickExampleMap up for play (max tick rate 60) at 2018.01.02-19.14.25
[2018.01.02-19.14.25:117][810]LogWorld: Bringing up level for play took: 0.004648
[2018.01.02-19.14.25:119][810]PIE: Play in editor start time for /Game/TwinStickBP/Maps/UEDPIE_0_TwinStickExampleMap 0.9
[2018.01.02-19.14.25:120][810]LogBlueprintUserMessages: Late PlayInEditor Detection: Level '/Game/TwinStickBP/Maps/TwinStickExampleMap.TwinStickExampleMap:PersistentLevel' has LevelScriptBlueprint '/Game/TwinStickBP/Maps/TwinStickExampleMap.TwinStickExampleMap:PersistentLevel.TwinStickExampleMap' with GeneratedClass '/Game/TwinStickBP/Maps/TwinStickExampleMap.TwinStickExampleMap_C' with ClassGeneratedBy '/Game/TwinStickBP/Maps/TwinStickExampleMap.TwinStickExampleMap:PersistentLevel.TwinStickExampleMap'
[2018.01.02-19.14.27:702][958]LogBlueprintUserMessages: Early EndPlayMap Detection: Level '/Game/TwinStickBP/Maps/TwinStickExampleMap.TwinStickExampleMap:PersistentLevel' has LevelScriptBlueprint '/Game/TwinStickBP/Maps/TwinStickExampleMap.TwinStickExampleMap:PersistentLevel.TwinStickExampleMap' with GeneratedClass '/Game/TwinStickBP/Maps/TwinStickExampleMap.TwinStickExampleMap_C' with ClassGeneratedBy '/Game/TwinStickBP/Maps/TwinStickExampleMap.TwinStickExampleMap:PersistentLevel.TwinStickExampleMap'
[2018.01.02-19.14.27:776][958]LogBlueprintUserMessages: Late EndPlayMap Detection: Level '/Game/TwinStickBP/Maps/TwinStickExampleMap.TwinStickExampleMap:PersistentLevel' has LevelScriptBlueprint '/Game/TwinStickBP/Maps/TwinStickExampleMap.TwinStickExampleMap:PersistentLevel.TwinStickExampleMap' with GeneratedClass '/Game/TwinStickBP/Maps/TwinStickExampleMap.TwinStickExampleMap_C' with ClassGeneratedBy '/Game/TwinStickBP/Maps/TwinStickExampleMap.TwinStickExampleMap:PersistentLevel.TwinStickExampleMap'
[2018.01.02-19.14.35:384][346]LogTemp: Repeating last play command: Selected Viewport
[2018.01.02-19.14.35:433][346]LogBlueprintUserMessages: Early PlayInEditor Detection: Level '/Game/TwinStickBP/Maps/TwinStickExampleMap.TwinStickExampleMap:PersistentLevel' has LevelScriptBlueprint '/Game/TwinStickBP/Maps/TwinStickExampleMap.TwinStickExampleMap:PersistentLevel.TwinStickExampleMap' with GeneratedClass '/Game/TwinStickBP/Maps/TwinStickExampleMap.TwinStickExampleMap_C' with ClassGeneratedBy '/Game/TwinStickBP/Maps/TwinStickExampleMap.TwinStickExampleMap:PersistentLevel.TwinStickExampleMap'
[2018.01.02-19.14.35:433][346]LogPlayLevel: PlayLevel: No blueprints needed recompiling
[2018.01.02-19.14.35:434][346]PIE: New page: PIE session: TwinStickExampleMap (2 Jan 2018 19:14:35)
[2018.01.02-19.14.35:434][346]LogPlayLevel: Creating play world package: /Game/TwinStickBP/Maps/UEDPIE_0_TwinStickExampleMap
[2018.01.02-19.14.35:449][346]LogPlayLevel: PIE: StaticDuplicateObject took: (0.014746s)
[2018.01.02-19.14.35:450][346]LogAIModule: Creating AISystem for world TwinStickExampleMap
[2018.01.02-19.14.35:450][346]LogPlayLevel: PIE: World Init took: (0.001617s)
[2018.01.02-19.14.35:451][346]LogPlayLevel: PIE: Created PIE world by copying editor world from /Game/TwinStickBP/Maps/TwinStickExampleMap.TwinStickExampleMap to /Game/TwinStickBP/Maps/UEDPIE_0_TwinStickExampleMap.TwinStickExampleMap (0.017014s)
[2018.01.02-19.14.35:514][346]LogInit: XAudio2 using 'Speakers (High Definition Audio Device)' : 2 channels at 48 kHz using 16 bits per sample (channel mask 0x3)
[2018.01.02-19.14.35:533][346]LogInit: FAudioDevice initialized.
[2018.01.02-19.14.35:579][346]LogLoad: Game class is 'TwinStickGameMode_C'
[2018.01.02-19.14.35:586][346]LogWorld: Bringing World /Game/TwinStickBP/Maps/UEDPIE_0_TwinStickExampleMap.TwinStickExampleMap up for play (max tick rate 60) at 2018.01.02-19.14.35
[2018.01.02-19.14.35:587][346]LogWorld: Bringing up level for play took: 0.005636
[2018.01.02-19.14.35:590][346]PIE: Play in editor start time for /Game/TwinStickBP/Maps/UEDPIE_0_TwinStickExampleMap -0.629
[2018.01.02-19.14.35:591][346]LogBlueprintUserMessages: Late PlayInEditor Detection: Level '/Game/TwinStickBP/Maps/TwinStickExampleMap.TwinStickExampleMap:PersistentLevel' has LevelScriptBlueprint '/Game/TwinStickBP/Maps/TwinStickExampleMap.TwinStickExampleMap:PersistentLevel.TwinStickExampleMap' with GeneratedClass '/Game/TwinStickBP/Maps/TwinStickExampleMap.TwinStickExampleMap_C' with ClassGeneratedBy '/Game/TwinStickBP/Maps/TwinStickExampleMap.TwinStickExampleMap:PersistentLevel.TwinStickExampleMap'
[2018.01.02-19.14.41:540][694]LogBlueprintUserMessages: Early EndPlayMap Detection: Level '/Game/TwinStickBP/Maps/TwinStickExampleMap.TwinStickExampleMap:PersistentLevel' has LevelScriptBlueprint '/Game/TwinStickBP/Maps/TwinStickExampleMap.TwinStickExampleMap:PersistentLevel.TwinStickExampleMap' with GeneratedClass '/Game/TwinStickBP/Maps/TwinStickExampleMap.TwinStickExampleMap_C' with ClassGeneratedBy '/Game/TwinStickBP/Maps/TwinStickExampleMap.TwinStickExampleMap:PersistentLevel.TwinStickExampleMap'
[2018.01.02-19.14.41:612][694]LogBlueprintUserMessages: Late EndPlayMap Detection: Level '/Game/TwinStickBP/Maps/TwinStickExampleMap.TwinStickExampleMap:PersistentLevel' has LevelScriptBlueprint '/Game/TwinStickBP/Maps/TwinStickExampleMap.TwinStickExampleMap:PersistentLevel.TwinStickExampleMap' with GeneratedClass '/Game/TwinStickBP/Maps/TwinStickExampleMap.TwinStickExampleMap_C' with ClassGeneratedBy '/Game/TwinStickBP/Maps/TwinStickExampleMap.TwinStickExampleMap:PersistentLevel.TwinStickExampleMap'
[2018.01.02-19.17.08:967][978]Cmd: TRANSACTION UNDO
[2018.01.02-19.17.08:967][978]LogEditorTransaction: Undo Edit Sun Multiplier
[2018.01.02-19.17.09:298][990]Cmd: TRANSACTION UNDO
[2018.01.02-19.17.09:298][990]LogEditorTransaction: Undo Edit Sun Multiplier
[2018.01.02-19.17.09:542][999]Cmd: TRANSACTION UNDO
[2018.01.02-19.17.09:542][999]LogEditorTransaction: Undo Edit Ground Offset
[2018.01.02-19.17.10:001][ 20]Cmd: TRANSACTION UNDO
[2018.01.02-19.17.10:001][ 20]LogEditorTransaction: Undo Edit Start Distance
[2018.01.02-19.17.18:826][452]Cmd: CAMERA SNAP
[2018.01.02-19.17.18:826][452]Snapped camera to the first selected object.
[2018.01.02-19.17.23:356][675]LogEditorViewport: Clicking on Actor (LMB): BP_Sky_Sphere_C (SkyShereBlueprint)
[2018.01.02-19.17.37:308][382]Cmd: TRANSACTION UNDO
[2018.01.02-19.17.37:308][382]LogEditorTransaction: Undo Clicking on Actors
[2018.01.02-19.17.38:313][426]Cmd: TRANSACTION UNDO
[2018.01.02-19.17.38:313][426]LogEditorTransaction: Undo Clicking on Actors
[2018.01.02-19.17.38:754][445]Cmd: TRANSACTION UNDO
[2018.01.02-19.17.38:755][445]LogEditorTransaction: Undo Clicking on Actors
[2018.01.02-19.17.39:189][463]Cmd: TRANSACTION UNDO
[2018.01.02-19.17.39:189][463]LogEditorTransaction: Undo Snap Object to View
[2018.01.02-19.17.39:605][482]Cmd: TRANSACTION UNDO
[2018.01.02-19.17.39:605][482]LogEditorTransaction: Undo Edit Density Offset
[2018.01.02-19.17.40:090][506]Cmd: TRANSACTION UNDO
[2018.01.02-19.17.40:090][506]LogEditorTransaction: Undo Edit Density Multiplier
[2018.01.02-19.17.40:564][529]Cmd: TRANSACTION UNDO
[2018.01.02-19.17.40:565][529]LogEditorTransaction: Undo Clicking on Actors
[2018.01.02-19.17.42:260][616]Cmd: TRANSACTION UNDO
[2018.01.02-19.17.42:260][616]LogEditorTransaction: Undo Clicking on Actors
[2018.01.02-19.17.42:796][640]Cmd: TRANSACTION UNDO
[2018.01.02-19.17.42:796][640]LogEditorTransaction: Undo Attach actors
[2018.01.02-19.17.42:801][640]LogSceneComponent: Error: Component 'StaticMeshComponent /Game/TwinStickBP/Maps/TwinStickExampleMap.TwinStickExampleMap:PersistentLevel.PlayerPawn.ShipMeshComponent' has 'AtmosphericFogComponent /Game/TwinStickBP/Maps/TwinStickExampleMap.TwinStickExampleMap:PersistentLevel.AtmosphericFog_1.AtmosphericFogComponent0' in its AttachChildren array, however, 'AtmosphericFogComponent /Game/TwinStickBP/Maps/TwinStickExampleMap.TwinStickExampleMap:PersistentLevel.AtmosphericFog_1.AtmosphericFogComponent0' believes it is not attached to anything
[2018.01.02-19.17.44:439][725]Cmd: TRANSACTION UNDO
[2018.01.02-19.17.44:439][725]LogEditorTransaction: Undo Clicking on Actors
[2018.01.02-19.17.45:186][755]Cmd: TRANSACTION UNDO
[2018.01.02-19.17.45:186][755]LogEditorTransaction: Undo Move World Outliner Items
[2018.01.02-19.21.27:968][175]LogMaterial: Missing cached shader map for material LayerVisMaterial, compiling. 
[2018.01.02-19.21.28:085][175]LogMaterial: Missing cached shader map for material SelectBrushMaterial, compiling. 
[2018.01.02-19.21.28:199][175]LogMaterial: Missing cached shader map for material SelectBrushMaterial, compiling. 
[2018.01.02-19.21.28:361][175]LogMaterial: Missing cached shader map for material MaskBrushMaterial, compiling. 
[2018.01.02-19.21.28:511][175]LogMaterial: Missing cached shader map for material LandscapeLayerUsageMaterial, compiling. 
[2018.01.02-19.21.28:711][175]LogMaterial: Missing cached shader map for material CircleBrushMaterial, compiling. 
[2018.01.02-19.21.28:826][175]LogMaterial: Missing cached shader map for material CircleBrushMaterial, compiling. 
[2018.01.02-19.21.28:941][175]LogMaterial: Missing cached shader map for material CircleBrushMaterial, compiling. 
[2018.01.02-19.21.29:053][175]LogMaterial: Missing cached shader map for material CircleBrushMaterial, compiling. 
[2018.01.02-19.21.29:193][175]LogMaterial: Missing cached shader map for material AlphaBrushMaterial, compiling. 
[2018.01.02-19.21.29:303][175]LogMaterial: Missing cached shader map for material CircleBrushMaterial, compiling. 
[2018.01.02-19.21.29:422][175]LogMaterial: Missing cached shader map for material MaskBrushMaterial, compiling. 
[2018.01.02-19.21.29:499][175]LogTexture: Display: Building textures: Texture2D_2 (G8, 128X128)
[2018.01.02-19.21.43:965][980]LogActorComponent: UnregisterComponent: (/Engine/Transient.SphereBrushComponent) Not registered. Aborting.
[2018.01.02-19.22.18:662][871]LogSavePackage: Save=240.19ms
[2018.01.02-19.22.18:662][871]LogSavePackage: Moving '../../../../../../Users/benjr/Documents/Unreal Projects/NodeGame/Saved/TwinStickExampleMap_Auto2FB53408D4F11D33C01F35AA2391CBB24.tmp' to '../../../../../../Users/benjr/Documents/Unreal Projects/NodeGame/Saved/Autosaves/Game/TwinStickBP/Maps/TwinStickExampleMap_Auto2.umap'
[2018.01.02-19.22.18:668][871]LogSavePackage: Display: Finished SavePackage ../../../../../../Users/benjr/Documents/Unreal Projects/NodeGame/Saved/Autosaves/Game/TwinStickBP/Maps/TwinStickExampleMap_Auto2.umap
[2018.01.02-19.22.18:684][871]LogFileHelpers: Editor autosave (incl. sublevels) for '/Game/TwinStickBP/Maps/TwinStickExampleMap' took 0.334
[2018.01.02-19.22.18:684][871]LogFileHelpers: Editor autosave (incl. sublevels) for all levels took 0.334
[2018.01.02-19.25.33:220][921]Cmd: QUIT_EDITOR
[2018.01.02-19.25.33:824][921]LogWindowsTextInputMethodSystem: Display: IME system now deactivated.
[2018.01.02-19.25.33:866][921]LogExit: Preparing to exit.
[2018.01.02-19.25.34:324][921]LogDirectoryWatcher: A directory notification for 'C:/Users/benjr/Documents/Unreal Projects/NodeGame/Content/' was aborted.
[2018.01.02-19.25.34:396][921]LogExit: Editor shut down
[2018.01.02-19.25.34:409][921]LogExit: Transaction tracking system shut down
[2018.01.02-19.25.34:569][921]LogDirectoryWatcher: A directory notification for '../../../Engine/Content/' was aborted.
[2018.01.02-19.25.34:570][921]LogDirectoryWatcher: A directory notification for '../../../../../../Users/benjr/Documents/Unreal Projects/NodeGame/Content/' was aborted.
[2018.01.02-19.25.34:570][921]LogDirectoryWatcher: A directory notification for '../../../Engine/Plugins/2D/Paper2D/Content/' was aborted.
[2018.01.02-19.25.34:570][921]LogDirectoryWatcher: A directory notification for '../../../Engine/Plugins/Runtime/Oculus/OculusVR/Content/' was aborted.
[2018.01.02-19.25.34:570][921]LogDirectoryWatcher: A directory notification for '../../../Engine/Plugins/Runtime/Steam/SteamVR/Content/' was aborted.
[2018.01.02-19.25.34:777][921]LogExit: Object subsystem successfully closed.
[2018.01.02-19.25.34:824][921]LogD3D11RHI: Shutdown
[2018.01.02-19.25.34:824][921]LogD3D11RHI: CleanupD3DDevice
[2018.01.02-19.25.35:075][921]LogD3D11RHI: ~FD3D11DynamicRHI
[2018.01.02-19.25.35:152][921]LogModuleManager: Shutting down and abandoning module MovieSceneCapture (532)
[2018.01.02-19.25.35:152][921]LogModuleManager: Shutting down and abandoning module HierarchicalLODOutliner (530)
[2018.01.02-19.25.35:152][921]LogModuleManager: Shutting down and abandoning module SceneOutliner (528)
[2018.01.02-19.25.35:152][921]LogModuleManager: Shutting down and abandoning module AddContentDialog (526)
[2018.01.02-19.25.35:153][921]LogDirectoryWatcher: A directory notification for 'C:/Program Files/Epic Games/UE_4.17/FeaturePacks/' was aborted.
[2018.01.02-19.25.35:156][921]LogModuleManager: Shutting down and abandoning module WidgetCarousel (525)
[2018.01.02-19.25.35:156][921]LogModuleManager: Shutting down and abandoning module EditorWidgets (522)
[2018.01.02-19.25.35:156][921]LogModuleManager: Shutting down and abandoning module CollectionManager (520)
[2018.01.02-19.25.35:157][921]LogDirectoryWatcher: A directory notification for 'C:/Users/benjr/Documents/Unreal Projects/NodeGame/Content/Collections/' was aborted.
[2018.01.02-19.25.35:157][921]LogDirectoryWatcher: A directory notification for 'C:/Users/benjr/Documents/Unreal Projects/NodeGame/Content/Developers/benjr/Collections/' was aborted.
[2018.01.02-19.25.35:157][921]LogDirectoryWatcher: A directory notification for 'C:/Users/benjr/Documents/Unreal Projects/NodeGame/Saved/Collections/' was aborted.
[2018.01.02-19.25.35:158][921]LogModuleManager: Shutting down and abandoning module StatsViewer (518)
[2018.01.02-19.25.35:158][921]LogModuleManager: Shutting down and abandoning module FoliageEdit (516)
[2018.01.02-19.25.35:159][921]LogModuleManager: Shutting down and abandoning module LandscapeEditor (514)
[2018.01.02-19.25.35:159][921]LogModuleManager: Shutting down and abandoning module MeshPaintMode (512)
[2018.01.02-19.25.35:159][921]LogModuleManager: Shutting down and abandoning module SceneDepthPickerMode (510)
[2018.01.02-19.25.35:160][921]LogModuleManager: Shutting down and abandoning module ActorPickerMode (508)
[2018.01.02-19.25.35:160][921]LogModuleManager: Shutting down and abandoning module GeometryMode (506)
[2018.01.02-19.25.35:160][921]LogModuleManager: Shutting down and abandoning module TextureAlignMode (504)
[2018.01.02-19.25.35:160][921]LogModuleManager: Shutting down and abandoning module BspMode (502)
[2018.01.02-19.25.35:160][921]LogModuleManager: Shutting down and abandoning module PIEPreviewDeviceProfileSelector (500)
[2018.01.02-19.25.35:160][921]LogModuleManager: Shutting down and abandoning module HardwareSurvey (498)
[2018.01.02-19.25.35:160][921]LogModuleManager: Shutting down and abandoning module SequenceRecorderSections (496)
[2018.01.02-19.25.35:160][921]LogModuleManager: Shutting down and abandoning module AutomationWorker (494)
[2018.01.02-19.25.35:160][921]LogModuleManager: Shutting down and abandoning module MatineeToLevelSequence (492)
[2018.01.02-19.25.35:160][921]LogModuleManager: Shutting down and abandoning module LevelSequenceEditor (490)
[2018.01.02-19.25.35:163][921]LogModuleManager: Shutting down and abandoning module PlacementMode (489)
[2018.01.02-19.25.35:163][921]LogModuleManager: Shutting down and abandoning module WmfMediaFactory (486)
[2018.01.02-19.25.35:163][921]LogModuleManager: Shutting down and abandoning module WmfMediaEditor (484)
[2018.01.02-19.25.35:163][921]LogModuleManager: Shutting down and abandoning module AvfMediaFactory (482)
[2018.01.02-19.25.35:163][921]LogModuleManager: Shutting down and abandoning module AvfMediaEditor (480)
[2018.01.02-19.25.35:163][921]LogModuleManager: Shutting down and abandoning module AndroidMediaFactory (478)
[2018.01.02-19.25.35:163][921]LogModuleManager: Shutting down and abandoning module Media (477)
[2018.01.02-19.25.35:163][921]LogModuleManager: Shutting down and abandoning module AndroidMediaEditor (474)
[2018.01.02-19.25.35:163][921]LogModuleManager: Shutting down and abandoning module CharacterAI (472)
[2018.01.02-19.25.35:164][921]LogModuleManager: Shutting down and abandoning module AudioCapture (470)
[2018.01.02-19.25.35:164][921]LogModuleManager: Shutting down and abandoning module SequenceRecorder (469)
[2018.01.02-19.25.35:164][921]LogModuleManager: Shutting down and abandoning module SmartSnapping (466)
[2018.01.02-19.25.35:164][921]LogModuleManager: Shutting down and abandoning module SessionServices (464)
[2018.01.02-19.25.35:164][921]LogModuleManager: Shutting down and abandoning module ViewportSnapping (462)
[2018.01.02-19.25.35:164][921]LogModuleManager: Shutting down and abandoning module ViewportInteraction (460)
[2018.01.02-19.25.35:164][921]LogModuleManager: Shutting down and abandoning module ClothPainter (458)
[2018.01.02-19.25.35:166][921]LogModuleManager: Shutting down and abandoning module LogVisualizer (456)
[2018.01.02-19.25.35:167][921]LogModuleManager: Shutting down and abandoning module IntroTutorials (454)
[2018.01.02-19.25.35:168][921]LogModuleManager: Shutting down and abandoning module GameProjectGeneration (453)
[2018.01.02-19.25.35:170][921]LogModuleManager: Shutting down and abandoning module IOSPlatformEditor (450)
[2018.01.02-19.25.35:170][921]LogModuleManager: Shutting down and abandoning module HTML5PlatformEditor (448)
[2018.01.02-19.25.35:170][921]LogModuleManager: Shutting down and abandoning module AndroidPlatformEditor (446)
[2018.01.02-19.25.35:170][921]LogModuleManager: Shutting down and abandoning module AndroidDeviceDetection (445)
[2018.01.02-19.25.35:306][921]LogModuleManager: Shutting down and abandoning module WindowsPlatformEditor (442)
[2018.01.02-19.25.35:306][921]LogModuleManager: Shutting down and abandoning module IOSRuntimeSettings (440)
[2018.01.02-19.25.35:306][921]LogModuleManager: Shutting down and abandoning module AndroidRuntimeSettings (438)
[2018.01.02-19.25.35:306][921]LogModuleManager: Shutting down and abandoning module InputBindingEditor (436)
[2018.01.02-19.25.35:307][921]LogModuleManager: Shutting down and abandoning module MergeActors (434)
[2018.01.02-19.25.35:307][921]LogModuleManager: Shutting down and abandoning module SizeMap (432)
[2018.01.02-19.25.35:308][921]LogModuleManager: Shutting down and abandoning module TreeMap (430)
[2018.01.02-19.25.35:309][921]LogModuleManager: Shutting down and abandoning module ReferenceViewer (428)
[2018.01.02-19.25.35:309][921]LogModuleManager: Shutting down and abandoning module LocalizationDashboard (426)
[2018.01.02-19.25.35:310][921]LogModuleManager: Shutting down and abandoning module LocalizationService (425)
[2018.01.02-19.25.35:310][921]LogModuleManager: Shutting down and abandoning module HardwareTargeting (422)
[2018.01.02-19.25.35:310][921]LogModuleManager: Shutting down and abandoning module DeviceProfileEditor (420)
[2018.01.02-19.25.35:311][921]LogModuleManager: Shutting down and abandoning module UndoHistory (418)
[2018.01.02-19.25.35:311][921]LogModuleManager: Shutting down and abandoning module XmlParser (416)
[2018.01.02-19.25.35:311][921]LogModuleManager: Shutting down and abandoning module Blutility (414)
[2018.01.02-19.25.35:311][921]LogModuleManager: Shutting down and abandoning module ProjectSettingsViewer (412)
[2018.01.02-19.25.35:311][921]LogModuleManager: Shutting down and abandoning module ProjectTargetPlatformEditor (411)
[2018.01.02-19.25.35:311][921]LogModuleManager: Shutting down and abandoning module EditorSettingsViewer (408)
[2018.01.02-19.25.35:312][921]LogModuleManager: Shutting down and abandoning module SettingsEditor (406)
[2018.01.02-19.25.35:312][921]LogModuleManager: Shutting down and abandoning module ProjectLauncher (404)
[2018.01.02-19.25.35:313][921]LogModuleManager: Shutting down and abandoning module SessionFrontend (402)
[2018.01.02-19.25.35:313][921]LogModuleManager: Shutting down and abandoning module ProfilerClient (400)
[2018.01.02-19.25.35:314][921]LogModuleManager: Shutting down and abandoning module DeviceManager (398)
[2018.01.02-19.25.35:315][921]LogModuleManager: Shutting down and abandoning module TargetDeviceServices (397)
[2018.01.02-19.25.35:370][921]LogModuleManager: Shutting down and abandoning module AutomationController (394)
[2018.01.02-19.25.35:371][921]LogModuleManager: Shutting down and abandoning module AutomationWindow (392)
[2018.01.02-19.25.35:372][921]LogModuleManager: Shutting down and abandoning module Layers (390)
[2018.01.02-19.25.35:374][921]LogModuleManager: Shutting down and abandoning module ComponentVisualizers (388)
[2018.01.02-19.25.35:374][921]LogModuleManager: Shutting down and abandoning module DetailCustomizations (386)
[2018.01.02-19.25.35:375][921]LogModuleManager: Shutting down and abandoning module PackagesDialog (384)
[2018.01.02-19.25.35:376][921]LogModuleManager: Shutting down and abandoning module Persona (382)
[2018.01.02-19.25.35:377][921]LogModuleManager: Shutting down and abandoning module AdvancedPreviewScene (381)
[2018.01.02-19.25.35:377][921]LogModuleManager: Shutting down and abandoning module AnimGraph (379)
[2018.01.02-19.25.35:378][921]LogModuleManager: Shutting down and abandoning module Kismet (376)
[2018.01.02-19.25.35:380][921]LogModuleManager: Shutting down and abandoning module ClassViewer (374)
[2018.01.02-19.25.35:380][921]LogModuleManager: Shutting down and abandoning module Toolbox (372)
[2018.01.02-19.25.35:380][921]LogModuleManager: Shutting down and abandoning module ModuleUI (370)
[2018.01.02-19.25.35:381][921]LogModuleManager: Shutting down and abandoning module MovieSceneTools (368)
[2018.01.02-19.25.35:382][921]LogModuleManager: Shutting down and abandoning module OutputLog (366)
[2018.01.02-19.25.35:383][921]LogModuleManager: Shutting down and abandoning module GammaUI (364)
[2018.01.02-19.25.35:383][921]LogModuleManager: Shutting down and abandoning module Documentation (362)
[2018.01.02-19.25.35:383][921]LogModuleManager: Shutting down and abandoning module MovieSceneTracks (360)
[2018.01.02-19.25.35:383][921]LogModuleManager: Shutting down and abandoning module MovieScene (358)
[2018.01.02-19.25.35:384][921]LogModuleManager: Shutting down and abandoning module Niagara (356)
[2018.01.02-19.25.35:384][921]LogModuleManager: Shutting down and abandoning module NiagaraEditor (355)
[2018.01.02-19.25.35:386][921]LogModuleManager: Shutting down and abandoning module StreamingPauseRendering (352)
[2018.01.02-19.25.35:386][921]LogModuleManager: Shutting down and abandoning module LauncherPlatform (350)
[2018.01.02-19.25.35:387][921]LogModuleManager: Shutting down and abandoning module AnalyticsET (348)
[2018.01.02-19.25.35:387][921]LogModuleManager: Shutting down and abandoning module PortalServices (346)
[2018.01.02-19.25.35:387][921]LogModuleManager: Shutting down and abandoning module PortalRpc (344)
[2018.01.02-19.25.35:387][921]LogModuleManager: Shutting down and abandoning module MessagingRpc (342)
[2018.01.02-19.25.35:387][921]LogModuleManager: Shutting down and abandoning module AIModule (340)
[2018.01.02-19.25.35:387][921]LogModuleManager: Shutting down and abandoning module GameplayDebugger (339)
[2018.01.02-19.25.35:387][921]LogModuleManager: Shutting down and abandoning module AITestSuite (337)
[2018.01.02-19.25.35:387][921]LogModuleManager: Shutting down and abandoning module ProfilerService (334)
[2018.01.02-19.25.35:401][921]LogModuleManager: Shutting down and abandoning module TaskGraph (332)
[2018.01.02-19.25.35:403][921]LogModuleManager: Shutting down and abandoning module SteamVRController (330)
[2018.01.02-19.25.35:403][921]LogModuleManager: Shutting down and abandoning module ProceduralMeshComponentEditor (328)
[2018.01.02-19.25.35:403][921]LogModuleManager: Shutting down and abandoning module ProceduralMeshComponent (326)
[2018.01.02-19.25.35:403][921]LogModuleManager: Shutting down and abandoning module OculusInput (324)
[2018.01.02-19.25.35:403][921]LogModuleManager: Shutting down and abandoning module MobilePatchingUtils (322)
[2018.01.02-19.25.35:403][921]LogModuleManager: Shutting down and abandoning module CustomMeshComponent (320)
[2018.01.02-19.25.35:403][921]LogModuleManager: Shutting down and abandoning module CableComponent (318)
[2018.01.02-19.25.35:403][921]LogModuleManager: Shutting down and abandoning module ArchVisCharacter (316)
[2018.01.02-19.25.35:403][921]LogModuleManager: Shutting down and abandoning module AndroidPermission (314)
[2018.01.02-19.25.35:403][921]LogModuleManager: Shutting down and abandoning module MediaPlayerEditor (310)
[2018.01.02-19.25.35:406][921]LogModuleManager: Shutting down and abandoning module HTML5Networking (308)
[2018.01.02-19.25.35:406][921]LogModuleManager: Shutting down and abandoning module AlembicImporter (306)
[2018.01.02-19.25.35:407][921]LogModuleManager: Shutting down and abandoning module AlembicLibrary (305)
[2018.01.02-19.25.35:407][921]LogModuleManager: Shutting down and abandoning module GeometryCache (304)
[2018.01.02-19.25.35:407][921]LogModuleManager: Shutting down and abandoning module GeometryCacheEd (303)
[2018.01.02-19.25.35:407][921]LogModuleManager: Shutting down and abandoning module SpeedTreeImporter (298)
[2018.01.02-19.25.35:407][921]LogModuleManager: Shutting down and abandoning module PluginBrowser (296)
[2018.01.02-19.25.35:409][921]LogModuleManager: Shutting down and abandoning module MobileLauncherProfileWizard (294)
[2018.01.02-19.25.35:410][921]LogModuleManager: Shutting down and abandoning module VisualStudioSourceCodeAccess (292)
[2018.01.02-19.25.35:410][921]LogModuleManager: Shutting down and abandoning module DesktopPlatform (291)
[2018.01.02-19.25.35:410][921]LogModuleManager: Shutting down and abandoning module UObjectPlugin (288)
[2018.01.02-19.25.35:411][921]LogModuleManager: Shutting down and abandoning module SubversionSourceControl (286)
[2018.01.02-19.25.35:411][921]LogModuleManager: Shutting down and abandoning module PerforceSourceControl (284)
[2018.01.02-19.25.35:413][921]LogModuleManager: Shutting down and abandoning module GitSourceControl (282)
[2018.01.02-19.25.35:414][921]LogModuleManager: Shutting down and abandoning module SourceControl (281)
[2018.01.02-19.25.35:415][921]LogModuleManager: Shutting down and abandoning module LightPropagationVolumeEditor (278)
[2018.01.02-19.25.35:415][921]LogModuleManager: Shutting down and abandoning module PaperTiledImporter (276)
[2018.01.02-19.25.35:415][921]LogModuleManager: Shutting down and abandoning module PaperSpriteSheetImporter (274)
[2018.01.02-19.25.35:415][921]LogModuleManager: Shutting down and abandoning module Paper2DEditor (272)
[2018.01.02-19.25.35:416][921]LogModuleManager: Shutting down and abandoning module MeshPaint (271)
[2018.01.02-19.25.35:416][921]LogModuleManager: Shutting down and abandoning module LevelEditor (269)
[2018.01.02-19.25.35:418][921]LogModuleManager: Shutting down and abandoning module PixelInspectorModule (268)
[2018.01.02-19.25.35:419][921]LogModuleManager: Shutting down and abandoning module MainFrame (266)
[2018.01.02-19.25.35:419][921]LogModuleManager: Shutting down and abandoning module HotReload (265)
[2018.01.02-19.25.35:421][921]LogModuleManager: Shutting down and abandoning module RuntimePhysXCooking (260)
[2018.01.02-19.25.35:421][921]LogModuleManager: Shutting down and abandoning module PhysXVehiclesEditor (258)
[2018.01.02-19.25.35:421][921]LogModuleManager: Shutting down and abandoning module PhysXVehicles (256)
[2018.01.02-19.25.35:421][921]LogModuleManager: Shutting down and abandoning module OculusEditor (254)
[2018.01.02-19.25.35:421][921]LogModuleManager: Shutting down and abandoning module LocationServicesBPLibrary (252)
[2018.01.02-19.25.35:421][921]LogModuleManager: Shutting down and abandoning module ImmediatePhysicsEditor (250)
[2018.01.02-19.25.35:421][921]LogModuleManager: Shutting down and abandoning module ImmediatePhysics (248)
[2018.01.02-19.25.35:422][921]LogModuleManager: Shutting down and abandoning module UdpMessaging (246)
[2018.01.02-19.25.35:524][921]LogModuleManager: Shutting down and abandoning module TcpMessaging (244)
[2018.01.02-19.25.35:625][921]LogModuleManager: Shutting down and abandoning module GameplayTagsEditor (242)
[2018.01.02-19.25.35:626][921]LogModuleManager: Shutting down and abandoning module FacialAnimationEditor (240)
[2018.01.02-19.25.35:626][921]LogModuleManager: Shutting down and abandoning module FacialAnimation (238)
[2018.01.02-19.25.35:626][921]LogModuleManager: Shutting down and abandoning module AssetManagerEditor (236)
[2018.01.02-19.25.35:628][921]LogModuleManager: Shutting down and abandoning module GraphEditor (235)
[2018.01.02-19.25.35:631][921]LogModuleManager: Shutting down and abandoning module ContentBrowser (233)
[2018.01.02-19.25.35:634][921]LogModuleManager: Shutting down and abandoning module LightPropagationVolumeRuntime (230)
[2018.01.02-19.25.35:634][921]LogModuleManager: Shutting down and abandoning module Paper2D (228)
[2018.01.02-19.25.35:634][921]LogModuleManager: Shutting down and abandoning module WindowsMoviePlayer (226)
[2018.01.02-19.25.35:634][921]LogModuleManager: Shutting down and abandoning module WmfMedia (224)
[2018.01.02-19.25.35:635][921]LogModuleManager: Shutting down and abandoning module PacketHandler (222)
[2018.01.02-19.25.35:635][921]LogModuleManager: Shutting down and abandoning module ClothingSystemEditor (220)
[2018.01.02-19.25.35:635][921]LogModuleManager: Shutting down and abandoning module ClothingSystemRuntime (218)
[2018.01.02-19.25.35:636][921]LogModuleManager: Shutting down and abandoning module Overlay (216)
[2018.01.02-19.25.35:636][921]LogModuleManager: Shutting down and abandoning module OverlayEditor (215)
[2018.01.02-19.25.35:636][921]LogModuleManager: Shutting down and abandoning module MediaAssets (212)
[2018.01.02-19.25.35:636][921]LogModuleManager: Shutting down and abandoning module VREditor (210)
[2018.01.02-19.25.35:637][921]LogModuleManager: Shutting down and abandoning module StringTableEditor (208)
[2018.01.02-19.25.35:638][921]LogModuleManager: Shutting down and abandoning module GameplayTasksEditor (206)
[2018.01.02-19.25.35:638][921]LogModuleManager: Shutting down and abandoning module BehaviorTreeEditor (204)
[2018.01.02-19.25.35:640][921]LogModuleManager: Shutting down and abandoning module FunctionalTesting (202)
[2018.01.02-19.25.35:641][921]LogModuleManager: Shutting down and abandoning module CollisionAnalyzer (200)
[2018.01.02-19.25.35:641][921]LogModuleManager: Shutting down and abandoning module WorkspaceMenuStructure (199)
[2018.01.02-19.25.35:642][921]LogModuleManager: Shutting down and abandoning module UMG (196)
[2018.01.02-19.25.35:643][921]LogModuleManager: Shutting down and abandoning module UMGEditor (195)
[2018.01.02-19.25.35:645][921]LogModuleManager: Shutting down and abandoning module Sequencer (194)
[2018.01.02-19.25.35:646][921]LogModuleManager: Shutting down and abandoning module MessageLog (191)
[2018.01.02-19.25.35:646][921]LogModuleManager: Shutting down and abandoning module SlateReflector (186)
[2018.01.02-19.25.35:649][921]LogModuleManager: Shutting down and abandoning module Slate (184)
[2018.01.02-19.25.35:649][921]LogModuleManager: Shutting down and abandoning module EditorStyle (182)
[2018.01.02-19.25.35:656][921]LogModuleManager: Shutting down and abandoning module MRMesh (180)
[2018.01.02-19.25.35:656][921]LogModuleManager: Shutting down and abandoning module SourceCodeAccess (178)
[2018.01.02-19.25.35:656][921]LogModuleManager: Shutting down and abandoning module HeadMountedDisplay (176)
[2018.01.02-19.25.35:657][921]LogModuleManager: Shutting down and abandoning module XAudio2 (174)
[2018.01.02-19.25.35:657][921]LogModuleManager: Shutting down and abandoning module Networking (172)
[2018.01.02-19.25.35:657][921]LogModuleManager: Shutting down and abandoning module Core (168)
[2018.01.02-19.25.35:657][921]LogModuleManager: Shutting down and abandoning module KismetCompiler (164)
[2018.01.02-19.25.35:657][921]LogModuleManager: Shutting down and abandoning module LevelSequence (162)
[2018.01.02-19.25.35:657][921]LogModuleManager: Shutting down and abandoning module MeshUtilities (160)
[2018.01.02-19.25.35:658][921]LogModuleManager: Shutting down and abandoning module MeshMergeUtilities (159)
[2018.01.02-19.25.35:659][921]LogModuleManager: Shutting down and abandoning module MeshReductionInterface (158)
[2018.01.02-19.25.35:659][921]LogModuleManager: Shutting down and abandoning module SimplygonSwarm (157)
[2018.01.02-19.25.35:659][921]LogModuleManager: Shutting down and abandoning module SimplygonMeshReduction (155)
[2018.01.02-19.25.35:659][921]LogModuleManager: Shutting down and abandoning module QuadricMeshReduction (153)
[2018.01.02-19.25.35:660][921]LogModuleManager: Shutting down and abandoning module MaterialBaking (149)
[2018.01.02-19.25.35:660][921]LogModuleManager: Shutting down and abandoning module DirectoryWatcher (146)
[2018.01.02-19.25.35:662][921]LogModuleManager: Shutting down and abandoning module DerivedDataCache (144)
[2018.01.02-19.25.35:758][921]LogDerivedDataCache: Shutdown
[2018.01.02-19.25.35:758][921]LogModuleManager: Shutting down and abandoning module TargetPlatform (142)
[2018.01.02-19.25.35:758][921]LogModuleManager: Shutting down and abandoning module VulkanShaderFormat (141)
[2018.01.02-19.25.35:759][921]LogModuleManager: Shutting down and abandoning module ShaderFormatVectorVM (139)
[2018.01.02-19.25.35:759][921]LogModuleManager: Shutting down and abandoning module ShaderFormatOpenGL (137)
[2018.01.02-19.25.35:760][921]LogModuleManager: Shutting down and abandoning module ShaderFormatD3D (135)
[2018.01.02-19.25.35:760][921]LogModuleManager: Shutting down and abandoning module MetalShaderFormat (133)
[2018.01.02-19.25.35:761][921]LogModuleManager: Shutting down and abandoning module TextureFormatUncompressed (131)
[2018.01.02-19.25.35:761][921]LogModuleManager: Shutting down and abandoning module TextureFormatPVR (129)
[2018.01.02-19.25.35:761][921]LogModuleManager: Shutting down and abandoning module TextureFormatDXT (127)
[2018.01.02-19.25.35:761][921]LogModuleManager: Shutting down and abandoning module TextureFormatIntelISPCTexComp (125)
[2018.01.02-19.25.35:762][921]LogModuleManager: Shutting down and abandoning module TextureFormatASTC (123)
[2018.01.02-19.25.35:762][921]LogModuleManager: Shutting down and abandoning module ImageWrapper (122)
[2018.01.02-19.25.35:762][921]LogModuleManager: Shutting down and abandoning module TextureFormatAndroid (119)
[2018.01.02-19.25.35:762][921]LogModuleManager: Shutting down and abandoning module AudioFormatOpus (117)
[2018.01.02-19.25.35:762][921]LogModuleManager: Shutting down and abandoning module AudioFormatOgg (115)
[2018.01.02-19.25.35:762][921]LogModuleManager: Shutting down and abandoning module AudioFormatADPCM (113)
[2018.01.02-19.25.35:762][921]LogModuleManager: Shutting down and abandoning module LinuxTargetPlatform (111)
[2018.01.02-19.25.35:762][921]LogModuleManager: Shutting down and abandoning module LinuxServerTargetPlatform (109)
[2018.01.02-19.25.35:762][921]LogModuleManager: Shutting down and abandoning module LinuxNoEditorTargetPlatform (107)
[2018.01.02-19.25.35:762][921]LogModuleManager: Shutting down and abandoning module LinuxClientTargetPlatform (105)
[2018.01.02-19.25.35:763][921]LogModuleManager: Shutting down and abandoning module TVOSTargetPlatform (103)
[2018.01.02-19.25.35:763][921]LogModuleManager: Shutting down and abandoning module Messaging (101)
[2018.01.02-19.25.35:763][921]LogModuleManager: Shutting down and abandoning module IOSTargetPlatform (99)
[2018.01.02-19.25.35:763][921]LogModuleManager: Shutting down and abandoning module HTML5TargetPlatform (97)
[2018.01.02-19.25.35:763][921]LogModuleManager: Shutting down and abandoning module Android_PVRTCTargetPlatform (95)
[2018.01.02-19.25.35:763][921]LogModuleManager: Shutting down and abandoning module Android_MultiTargetPlatform (93)
[2018.01.02-19.25.35:763][921]LogModuleManager: Shutting down and abandoning module Android_ETC2TargetPlatform (91)
[2018.01.02-19.25.35:763][921]LogModuleManager: Shutting down and abandoning module Android_ETC1TargetPlatform (89)
[2018.01.02-19.25.35:763][921]LogModuleManager: Shutting down and abandoning module Android_DXTTargetPlatform (87)
[2018.01.02-19.25.35:763][921]LogModuleManager: Shutting down and abandoning module Android_ATCTargetPlatform (85)
[2018.01.02-19.25.35:763][921]LogModuleManager: Shutting down and abandoning module Android_ASTCTargetPlatform (83)
[2018.01.02-19.25.35:763][921]LogModuleManager: Shutting down and abandoning module AndroidTargetPlatform (81)
[2018.01.02-19.25.35:763][921]LogModuleManager: Shutting down and abandoning module WindowsTargetPlatform (79)
[2018.01.02-19.25.35:763][921]LogModuleManager: Shutting down and abandoning module WindowsServerTargetPlatform (77)
[2018.01.02-19.25.35:763][921]LogModuleManager: Shutting down and abandoning module WindowsNoEditorTargetPlatform (75)
[2018.01.02-19.25.35:763][921]LogModuleManager: Shutting down and abandoning module WindowsClientTargetPlatform (73)
[2018.01.02-19.25.35:763][921]LogModuleManager: Shutting down and abandoning module MacTargetPlatform (71)
[2018.01.02-19.25.35:763][921]LogModuleManager: Shutting down and abandoning module MacServerTargetPlatform (69)
[2018.01.02-19.25.35:764][921]LogModuleManager: Shutting down and abandoning module MacNoEditorTargetPlatform (67)
[2018.01.02-19.25.35:764][921]LogModuleManager: Shutting down and abandoning module MacClientTargetPlatform (65)
[2018.01.02-19.25.35:764][921]LogModuleManager: Shutting down and abandoning module AllDesktopTargetPlatform (63)
[2018.01.02-19.25.35:764][921]LogModuleManager: Shutting down and abandoning module InputCore (60)
[2018.01.02-19.25.35:764][921]LogModuleManager: Shutting down and abandoning module Settings (58)
[2018.01.02-19.25.35:764][921]LogModuleManager: Shutting down and abandoning module PhysXCooking (56)
[2018.01.02-19.25.35:764][921]LogModuleManager: Shutting down and abandoning module SteamVR (54)
[2018.01.02-19.25.35:764][921]LogModuleManager: Shutting down and abandoning module OculusHMD (52)
[2018.01.02-19.25.35:764][921]LogModuleManager: Shutting down and abandoning module ExampleDeviceProfileSelector (50)
[2018.01.02-19.25.35:765][921]LogModuleManager: Shutting down and abandoning module OnlineBlueprintSupport (48)
[2018.01.02-19.25.35:765][921]LogModuleManager: Shutting down and abandoning module OnlineSubsystem (44)
[2018.01.02-19.25.35:765][921]LogOnline: Display: Unloading online subsystem: NULL
[2018.01.02-19.25.35:765][921]LogModuleManager: Shutting down and abandoning module XMPP (43)
[2018.01.02-19.25.35:767][921]LogModuleManager: Shutting down and abandoning module HTTP (41)
[2018.01.02-19.25.35:767][921]LogHttp: Display: Http module shutting down, but needs to wait on 1 outstanding Http requests:
[2018.01.02-19.25.35:767][921]LogHttp: Display: 	verb=[POST] url=[https://datarouter.ol.epicgames.com/datarouter/api/v1/public/data?SessionID=%7BFEF6C5EC-4458-E8C6-FD42-0DB23284E9B0%7D&AppID=UEEditor.Rocket.Release&AppVersion=4.17.1-3586342%2B%2B%2BUE4%2BRelease-4.17&UserID=abc17b724d788baed385a6bedaf4a7aa%7C1984163285d24256b41664960aff7752%7C1e71d690-2029-4f56-ace4-7463f22f86b0&AppEnvironment=datacollector-binary&UploadType=eteventstream] status=Processing
[2018.01.02-19.25.35:777][921]LogModuleManager: Shutting down and abandoning module SSL (40)
[2018.01.02-19.25.35:781][921]LogModuleManager: Shutting down and abandoning module AnimationModifiers (36)
[2018.01.02-19.25.35:782][921]LogModuleManager: Shutting down and abandoning module PropertyEditor (35)
[2018.01.02-19.25.35:782][921]LogModuleManager: Shutting down and abandoning module AudioEditor (32)
[2018.01.02-19.25.35:784][921]LogModuleManager: Shutting down and abandoning module TextureCompressor (30)
[2018.01.02-19.25.35:784][921]LogModuleManager: Shutting down and abandoning module ShaderCore (28)
[2018.01.02-19.25.35:784][921]LogModuleManager: Shutting down and abandoning module Landscape (26)
[2018.01.02-19.25.35:784][921]LogModuleManager: Shutting down and abandoning module SlateRHIRenderer (24)
[2018.01.02-19.25.35:788][921]LogModuleManager: Shutting down and abandoning module OpenGLDrv (22)
[2018.01.02-19.25.35:789][921]LogModuleManager: Shutting down and abandoning module D3D11RHI (20)
[2018.01.02-19.25.35:789][921]LogModuleManager: Shutting down and abandoning module AnimGraphRuntime (18)
[2018.01.02-19.25.35:789][921]LogModuleManager: Shutting down and abandoning module Renderer (16)
[2018.01.02-19.25.35:789][921]LogModuleManager: Shutting down and abandoning module Engine (14)
[2018.01.02-19.25.35:790][921]LogModuleManager: Shutting down and abandoning module CoreUObject (12)
[2018.01.02-19.25.35:790][921]LogModuleManager: Shutting down and abandoning module NetworkFile (10)
[2018.01.02-19.25.35:790][921]LogModuleManager: Shutting down and abandoning module CookedIterativeFile (8)
[2018.01.02-19.25.35:790][921]LogModuleManager: Shutting down and abandoning module StreamingFile (6)
[2018.01.02-19.25.35:790][921]LogModuleManager: Shutting down and abandoning module SandboxFile (4)
[2018.01.02-19.25.35:790][921]LogModuleManager: Shutting down and abandoning module PakFile (2)
[2018.01.02-19.25.35:800][921]LogExit: Exiting.
[2018.01.02-19.25.35:843][921]Log file closed, 01/02/18 19:25:35
